{"D:\\WebDreamForLove\\backend\\src\\controllers\\auth.controller.js": {"path":"D:\\WebDreamForLove\\backend\\src\\controllers\\auth.controller.js","statementMap":{"0":{"start":{"line":1,"column":18},"end":{"line":1,"column":47}},"1":{"start":{"line":2,"column":23},"end":{"line":2,"column":38}},"2":{"start":{"line":3,"column":31},"end":{"line":3,"column":60}},"3":{"start":{"line":8,"column":4},"end":{"line":46,"column":5}},"4":{"start":{"line":10,"column":29},"end":{"line":10,"column":41}},"5":{"start":{"line":11,"column":22},"end":{"line":11,"column":44}},"6":{"start":{"line":12,"column":25},"end":{"line":12,"column":72}},"7":{"start":{"line":15,"column":21},"end":{"line":15,"column":35}},"8":{"start":{"line":16,"column":31},"end":{"line":16,"column":89}},"9":{"start":{"line":17,"column":28},"end":{"line":17,"column":83}},"10":{"start":{"line":18,"column":29},"end":{"line":18,"column":70}},"11":{"start":{"line":19,"column":26},"end":{"line":19,"column":61}},"12":{"start":{"line":22,"column":23},"end":{"line":41,"column":9}},"13":{"start":{"line":43,"column":8},"end":{"line":43,"column":43}},"14":{"start":{"line":45,"column":8},"end":{"line":45,"column":18}},"15":{"start":{"line":51,"column":4},"end":{"line":64,"column":5}},"16":{"start":{"line":52,"column":23},"end":{"line":55,"column":9}},"17":{"start":{"line":57,"column":8},"end":{"line":59,"column":9}},"18":{"start":{"line":58,"column":12},"end":{"line":58,"column":69}},"19":{"start":{"line":61,"column":8},"end":{"line":61,"column":43}},"20":{"start":{"line":63,"column":8},"end":{"line":63,"column":18}},"21":{"start":{"line":69,"column":4},"end":{"line":81,"column":5}},"22":{"start":{"line":70,"column":25},"end":{"line":70,"column":61}},"23":{"start":{"line":71,"column":22},"end":{"line":71,"column":75}},"24":{"start":{"line":73,"column":8},"end":{"line":76,"column":10}},"25":{"start":{"line":78,"column":8},"end":{"line":78,"column":36}},"26":{"start":{"line":80,"column":8},"end":{"line":80,"column":18}},"27":{"start":{"line":86,"column":4},"end":{"line":104,"column":5}},"28":{"start":{"line":87,"column":23},"end":{"line":87,"column":36}},"29":{"start":{"line":88,"column":28},"end":{"line":88,"column":40}},"30":{"start":{"line":91,"column":8},"end":{"line":97,"column":9}},"31":{"start":{"line":92,"column":12},"end":{"line":92,"column":50}},"32":{"start":{"line":95,"column":27},"end":{"line":95,"column":54}},"33":{"start":{"line":96,"column":12},"end":{"line":96,"column":113}},"34":{"start":{"line":100,"column":8},"end":{"line":100,"column":65}},"35":{"start":{"line":101,"column":8},"end":{"line":101,"column":77}},"36":{"start":{"line":103,"column":8},"end":{"line":103,"column":18}},"37":{"start":{"line":108,"column":0},"end":{"line":108,"column":65}}},"fnMap":{"0":{"name":"login","decl":{"start":{"line":7,"column":15},"end":{"line":7,"column":20}},"loc":{"start":{"line":7,"column":37},"end":{"line":47,"column":1}},"line":7},"1":{"name":"getMe","decl":{"start":{"line":50,"column":15},"end":{"line":50,"column":20}},"loc":{"start":{"line":50,"column":37},"end":{"line":65,"column":1}},"line":50},"2":{"name":"updateFcmToken","decl":{"start":{"line":68,"column":15},"end":{"line":68,"column":29}},"loc":{"start":{"line":68,"column":46},"end":{"line":82,"column":1}},"line":68},"3":{"name":"deleteAccount","decl":{"start":{"line":85,"column":15},"end":{"line":85,"column":28}},"loc":{"start":{"line":85,"column":45},"end":{"line":105,"column":1}},"line":85}},"branchMap":{"0":{"loc":{"start":{"line":11,"column":22},"end":{"line":11,"column":44}},"type":"binary-expr","locations":[{"start":{"line":11,"column":22},"end":{"line":11,"column":36}},{"start":{"line":11,"column":40},"end":{"line":11,"column":44}}],"line":11},"1":{"loc":{"start":{"line":12,"column":25},"end":{"line":12,"column":72}},"type":"binary-expr","locations":[{"start":{"line":12,"column":25},"end":{"line":12,"column":60}},{"start":{"line":12,"column":64},"end":{"line":12,"column":72}}],"line":12},"2":{"loc":{"start":{"line":15,"column":21},"end":{"line":15,"column":35}},"type":"binary-expr","locations":[{"start":{"line":15,"column":21},"end":{"line":15,"column":29}},{"start":{"line":15,"column":33},"end":{"line":15,"column":35}}],"line":15},"3":{"loc":{"start":{"line":18,"column":29},"end":{"line":18,"column":70}},"type":"cond-expr","locations":[{"start":{"line":18,"column":46},"end":{"line":18,"column":63}},{"start":{"line":18,"column":66},"end":{"line":18,"column":70}}],"line":18},"4":{"loc":{"start":{"line":19,"column":26},"end":{"line":19,"column":61}},"type":"cond-expr","locations":[{"start":{"line":19,"column":40},"end":{"line":19,"column":54}},{"start":{"line":19,"column":57},"end":{"line":19,"column":61}}],"line":19},"5":{"loc":{"start":{"line":57,"column":8},"end":{"line":59,"column":9}},"type":"if","locations":[{"start":{"line":57,"column":8},"end":{"line":59,"column":9}},{"start":{},"end":{}}],"line":57},"6":{"loc":{"start":{"line":70,"column":25},"end":{"line":70,"column":61}},"type":"binary-expr","locations":[{"start":{"line":70,"column":25},"end":{"line":70,"column":39}},{"start":{"line":70,"column":43},"end":{"line":70,"column":61}}],"line":70},"7":{"loc":{"start":{"line":71,"column":22},"end":{"line":71,"column":75}},"type":"cond-expr","locations":[{"start":{"line":71,"column":53},"end":{"line":71,"column":68}},{"start":{"line":71,"column":71},"end":{"line":71,"column":75}}],"line":71}},"s":{"0":1,"1":1,"2":1,"3":3,"4":3,"5":3,"6":3,"7":3,"8":3,"9":3,"10":3,"11":3,"12":3,"13":2,"14":1,"15":2,"16":2,"17":2,"18":1,"19":1,"20":0,"21":1,"22":1,"23":1,"24":1,"25":1,"26":0,"27":0,"28":0,"29":0,"30":0,"31":0,"32":0,"33":0,"34":0,"35":0,"36":0,"37":1},"f":{"0":3,"1":2,"2":1,"3":0},"b":{"0":[3,0],"1":[3,2],"2":[3,0],"3":[2,1],"4":[1,2],"5":[1,1],"6":[1,0],"7":[1,0]},"_coverageSchema":"1a1c01bbd47fc00a2c39e90264f33305004495a9","hash":"123b65376e72c051b674e52b49cdeef61d008bcc"}
,"D:\\WebDreamForLove\\backend\\src\\controllers\\couple.controller.js": {"path":"D:\\WebDreamForLove\\backend\\src\\controllers\\couple.controller.js","statementMap":{"0":{"start":{"line":1,"column":31},"end":{"line":1,"column":60}},"1":{"start":{"line":2,"column":23},"end":{"line":2,"column":38}},"2":{"start":{"line":3,"column":22},"end":{"line":3,"column":39}},"3":{"start":{"line":4,"column":18},"end":{"line":4,"column":53}},"4":{"start":{"line":5,"column":25},"end":{"line":5,"column":60}},"5":{"start":{"line":6,"column":33},"end":{"line":6,"column":62}},"6":{"start":{"line":8,"column":36},"end":{"line":8,"column":43}},"7":{"start":{"line":9,"column":33},"end":{"line":9,"column":34}},"8":{"start":{"line":13,"column":4},"end":{"line":13,"column":49}},"9":{"start":{"line":17,"column":27},"end":{"line":25,"column":1}},"10":{"start":{"line":29,"column":4},"end":{"line":92,"column":5}},"11":{"start":{"line":30,"column":27},"end":{"line":33,"column":9}},"12":{"start":{"line":34,"column":8},"end":{"line":36,"column":9}},"13":{"start":{"line":35,"column":12},"end":{"line":35,"column":69}},"14":{"start":{"line":38,"column":23},"end":{"line":38,"column":44}},"15":{"start":{"line":39,"column":32},"end":{"line":39,"column":63}},"16":{"start":{"line":40,"column":29},"end":{"line":40,"column":57}},"17":{"start":{"line":43,"column":27},"end":{"line":51,"column":9}},"18":{"start":{"line":53,"column":8},"end":{"line":55,"column":9}},"19":{"start":{"line":54,"column":12},"end":{"line":54,"column":44}},"20":{"start":{"line":57,"column":21},"end":{"line":57,"column":39}},"21":{"start":{"line":60,"column":26},"end":{"line":60,"column":85}},"22":{"start":{"line":63,"column":26},"end":{"line":63,"column":39}},"23":{"start":{"line":64,"column":28},"end":{"line":64,"column":32}},"24":{"start":{"line":65,"column":8},"end":{"line":74,"column":9}},"25":{"start":{"line":66,"column":34},"end":{"line":69,"column":13}},"26":{"start":{"line":70,"column":12},"end":{"line":73,"column":13}},"27":{"start":{"line":71,"column":16},"end":{"line":71,"column":80}},"28":{"start":{"line":72,"column":16},"end":{"line":72,"column":64}},"29":{"start":{"line":76,"column":8},"end":{"line":89,"column":11}},"30":{"start":{"line":91,"column":8},"end":{"line":91,"column":18}},"31":{"start":{"line":97,"column":4},"end":{"line":152,"column":5}},"32":{"start":{"line":98,"column":27},"end":{"line":101,"column":9}},"33":{"start":{"line":102,"column":23},"end":{"line":102,"column":45}},"34":{"start":{"line":103,"column":8},"end":{"line":103,"column":78}},"35":{"start":{"line":103,"column":21},"end":{"line":103,"column":78}},"36":{"start":{"line":105,"column":33},"end":{"line":112,"column":9}},"37":{"start":{"line":113,"column":8},"end":{"line":117,"column":9}},"38":{"start":{"line":114,"column":12},"end":{"line":116,"column":15}},"39":{"start":{"line":120,"column":8},"end":{"line":123,"column":10}},"40":{"start":{"line":127,"column":23},"end":{"line":127,"column":28}},"41":{"start":{"line":128,"column":22},"end":{"line":128,"column":23}},"42":{"start":{"line":130,"column":8},"end":{"line":143,"column":9}},"43":{"start":{"line":131,"column":12},"end":{"line":131,"column":35}},"44":{"start":{"line":132,"column":33},"end":{"line":138,"column":13}},"45":{"start":{"line":139,"column":12},"end":{"line":141,"column":13}},"46":{"start":{"line":140,"column":16},"end":{"line":140,"column":32}},"47":{"start":{"line":142,"column":12},"end":{"line":142,"column":22}},"48":{"start":{"line":145,"column":8},"end":{"line":147,"column":9}},"49":{"start":{"line":146,"column":12},"end":{"line":146,"column":91}},"50":{"start":{"line":149,"column":8},"end":{"line":149,"column":76}},"51":{"start":{"line":151,"column":8},"end":{"line":151,"column":18}},"52":{"start":{"line":157,"column":4},"end":{"line":304,"column":5}},"53":{"start":{"line":158,"column":37},"end":{"line":158,"column":45}},"54":{"start":{"line":161,"column":28},"end":{"line":164,"column":9}},"55":{"start":{"line":165,"column":24},"end":{"line":165,"column":47}},"56":{"start":{"line":166,"column":8},"end":{"line":166,"column":79}},"57":{"start":{"line":166,"column":22},"end":{"line":166,"column":79}},"58":{"start":{"line":168,"column":8},"end":{"line":301,"column":11}},"59":{"start":{"line":170,"column":31},"end":{"line":174,"column":13}},"60":{"start":{"line":176,"column":12},"end":{"line":180,"column":13}},"61":{"start":{"line":177,"column":28},"end":{"line":177,"column":72}},"62":{"start":{"line":178,"column":16},"end":{"line":178,"column":37}},"63":{"start":{"line":179,"column":16},"end":{"line":179,"column":26}},"64":{"start":{"line":182,"column":32},"end":{"line":182,"column":50}},"65":{"start":{"line":183,"column":26},"end":{"line":183,"column":45}},"66":{"start":{"line":185,"column":36},"end":{"line":192,"column":13}},"67":{"start":{"line":193,"column":12},"end":{"line":197,"column":13}},"68":{"start":{"line":194,"column":28},"end":{"line":194,"column":75}},"69":{"start":{"line":195,"column":16},"end":{"line":195,"column":37}},"70":{"start":{"line":196,"column":16},"end":{"line":196,"column":26}},"71":{"start":{"line":200,"column":12},"end":{"line":223,"column":13}},"72":{"start":{"line":201,"column":16},"end":{"line":222,"column":17}},"73":{"start":{"line":203,"column":39},"end":{"line":209,"column":21}},"74":{"start":{"line":211,"column":20},"end":{"line":214,"column":22}},"75":{"start":{"line":217,"column":20},"end":{"line":217,"column":52}},"76":{"start":{"line":219,"column":32},"end":{"line":219,"column":79}},"77":{"start":{"line":220,"column":20},"end":{"line":220,"column":41}},"78":{"start":{"line":221,"column":20},"end":{"line":221,"column":30}},"79":{"start":{"line":225,"column":36},"end":{"line":232,"column":13}},"80":{"start":{"line":233,"column":12},"end":{"line":237,"column":13}},"81":{"start":{"line":234,"column":28},"end":{"line":234,"column":84}},"82":{"start":{"line":235,"column":16},"end":{"line":235,"column":37}},"83":{"start":{"line":236,"column":16},"end":{"line":236,"column":26}},"84":{"start":{"line":240,"column":12},"end":{"line":243,"column":14}},"85":{"start":{"line":246,"column":27},"end":{"line":246,"column":35}},"86":{"start":{"line":247,"column":31},"end":{"line":252,"column":13}},"87":{"start":{"line":253,"column":25},"end":{"line":253,"column":43}},"88":{"start":{"line":256,"column":12},"end":{"line":262,"column":13}},"89":{"start":{"line":257,"column":16},"end":{"line":261,"column":18}},"90":{"start":{"line":265,"column":34},"end":{"line":268,"column":13}},"91":{"start":{"line":269,"column":28},"end":{"line":269,"column":49}},"92":{"start":{"line":272,"column":36},"end":{"line":275,"column":13}},"93":{"start":{"line":276,"column":30},"end":{"line":276,"column":53}},"94":{"start":{"line":279,"column":23},"end":{"line":279,"column":30}},"95":{"start":{"line":280,"column":12},"end":{"line":288,"column":13}},"96":{"start":{"line":281,"column":16},"end":{"line":287,"column":19}},"97":{"start":{"line":290,"column":12},"end":{"line":300,"column":15}},"98":{"start":{"line":303,"column":8},"end":{"line":303,"column":18}},"99":{"start":{"line":309,"column":4},"end":{"line":336,"column":5}},"100":{"start":{"line":310,"column":23},"end":{"line":310,"column":40}},"101":{"start":{"line":311,"column":23},"end":{"line":311,"column":36}},"102":{"start":{"line":312,"column":30},"end":{"line":312,"column":75}},"103":{"start":{"line":314,"column":8},"end":{"line":322,"column":10}},"104":{"start":{"line":324,"column":19},"end":{"line":324,"column":26}},"105":{"start":{"line":325,"column":8},"end":{"line":331,"column":9}},"106":{"start":{"line":326,"column":12},"end":{"line":330,"column":15}},"107":{"start":{"line":333,"column":8},"end":{"line":333,"column":98}},"108":{"start":{"line":335,"column":8},"end":{"line":335,"column":18}},"109":{"start":{"line":341,"column":4},"end":{"line":406,"column":5}},"110":{"start":{"line":342,"column":23},"end":{"line":342,"column":40}},"111":{"start":{"line":343,"column":23},"end":{"line":343,"column":36}},"112":{"start":{"line":345,"column":30},"end":{"line":355,"column":9}},"113":{"start":{"line":357,"column":24},"end":{"line":357,"column":45}},"114":{"start":{"line":358,"column":8},"end":{"line":364,"column":9}},"115":{"start":{"line":359,"column":12},"end":{"line":363,"column":15}},"116":{"start":{"line":366,"column":30},"end":{"line":366,"column":54}},"117":{"start":{"line":369,"column":19},"end":{"line":369,"column":26}},"118":{"start":{"line":370,"column":8},"end":{"line":375,"column":9}},"119":{"start":{"line":371,"column":12},"end":{"line":374,"column":15}},"120":{"start":{"line":378,"column":23},"end":{"line":378,"column":28}},"121":{"start":{"line":379,"column":25},"end":{"line":379,"column":75}},"122":{"start":{"line":381,"column":8},"end":{"line":394,"column":9}},"123":{"start":{"line":382,"column":12},"end":{"line":393,"column":13}},"124":{"start":{"line":383,"column":16},"end":{"line":388,"column":19}},"125":{"start":{"line":389,"column":16},"end":{"line":389,"column":68}},"126":{"start":{"line":391,"column":16},"end":{"line":391,"column":33}},"127":{"start":{"line":392,"column":16},"end":{"line":392,"column":42}},"128":{"start":{"line":396,"column":8},"end":{"line":403,"column":11}},"129":{"start":{"line":405,"column":8},"end":{"line":405,"column":18}},"130":{"start":{"line":411,"column":4},"end":{"line":448,"column":5}},"131":{"start":{"line":412,"column":23},"end":{"line":412,"column":40}},"132":{"start":{"line":413,"column":23},"end":{"line":413,"column":36}},"133":{"start":{"line":414,"column":20},"end":{"line":414,"column":42}},"134":{"start":{"line":415,"column":27},"end":{"line":417,"column":18}},"135":{"start":{"line":419,"column":23},"end":{"line":426,"column":9}},"136":{"start":{"line":428,"column":24},"end":{"line":428,"column":38}},"137":{"start":{"line":429,"column":19},"end":{"line":429,"column":26}},"138":{"start":{"line":430,"column":8},"end":{"line":437,"column":9}},"139":{"start":{"line":431,"column":12},"end":{"line":436,"column":15}},"140":{"start":{"line":439,"column":8},"end":{"line":445,"column":11}},"141":{"start":{"line":447,"column":8},"end":{"line":447,"column":18}},"142":{"start":{"line":453,"column":4},"end":{"line":462,"column":5}},"143":{"start":{"line":454,"column":23},"end":{"line":454,"column":40}},"144":{"start":{"line":455,"column":23},"end":{"line":458,"column":9}},"145":{"start":{"line":459,"column":8},"end":{"line":459,"column":46}},"146":{"start":{"line":461,"column":8},"end":{"line":461,"column":18}},"147":{"start":{"line":466,"column":4},"end":{"line":479,"column":5}},"148":{"start":{"line":467,"column":23},"end":{"line":467,"column":40}},"149":{"start":{"line":468,"column":46},"end":{"line":468,"column":54}},"150":{"start":{"line":470,"column":23},"end":{"line":475,"column":9}},"151":{"start":{"line":476,"column":8},"end":{"line":476,"column":45}},"152":{"start":{"line":478,"column":8},"end":{"line":478,"column":18}},"153":{"start":{"line":483,"column":4},"end":{"line":504,"column":5}},"154":{"start":{"line":484,"column":23},"end":{"line":484,"column":33}},"155":{"start":{"line":485,"column":23},"end":{"line":485,"column":40}},"156":{"start":{"line":486,"column":46},"end":{"line":486,"column":54}},"157":{"start":{"line":488,"column":23},"end":{"line":496,"column":9}},"158":{"start":{"line":498,"column":8},"end":{"line":500,"column":9}},"159":{"start":{"line":499,"column":12},"end":{"line":499,"column":74}},"160":{"start":{"line":501,"column":8},"end":{"line":501,"column":33}},"161":{"start":{"line":503,"column":8},"end":{"line":503,"column":18}},"162":{"start":{"line":508,"column":4},"end":{"line":515,"column":5}},"163":{"start":{"line":509,"column":23},"end":{"line":509,"column":33}},"164":{"start":{"line":510,"column":23},"end":{"line":510,"column":40}},"165":{"start":{"line":511,"column":8},"end":{"line":511,"column":98}},"166":{"start":{"line":512,"column":8},"end":{"line":512,"column":36}},"167":{"start":{"line":514,"column":8},"end":{"line":514,"column":18}},"168":{"start":{"line":518,"column":0},"end":{"line":522,"column":2}}},"fnMap":{"0":{"name":"generateCode6","decl":{"start":{"line":12,"column":9},"end":{"line":12,"column":22}},"loc":{"start":{"line":12,"column":25},"end":{"line":14,"column":1}},"line":12},"1":{"name":"getMyRoom","decl":{"start":{"line":28,"column":15},"end":{"line":28,"column":24}},"loc":{"start":{"line":28,"column":41},"end":{"line":93,"column":1}},"line":28},"2":{"name":"generateCode","decl":{"start":{"line":96,"column":15},"end":{"line":96,"column":27}},"loc":{"start":{"line":96,"column":44},"end":{"line":153,"column":1}},"line":96},"3":{"name":"joinWithCode","decl":{"start":{"line":156,"column":15},"end":{"line":156,"column":27}},"loc":{"start":{"line":156,"column":44},"end":{"line":305,"column":1}},"line":156},"4":{"name":"(anonymous_4)","decl":{"start":{"line":168,"column":26},"end":{"line":168,"column":27}},"loc":{"start":{"line":168,"column":44},"end":{"line":301,"column":9}},"line":168},"5":{"name":"disconnect","decl":{"start":{"line":308,"column":15},"end":{"line":308,"column":25}},"loc":{"start":{"line":308,"column":42},"end":{"line":337,"column":1}},"line":308},"6":{"name":"sendHeartbeat","decl":{"start":{"line":340,"column":15},"end":{"line":340,"column":28}},"loc":{"start":{"line":340,"column":45},"end":{"line":407,"column":1}},"line":340},"7":{"name":"updateMemoryPhoto","decl":{"start":{"line":410,"column":15},"end":{"line":410,"column":32}},"loc":{"start":{"line":410,"column":49},"end":{"line":449,"column":1}},"line":410},"8":{"name":"getMilestones","decl":{"start":{"line":452,"column":15},"end":{"line":452,"column":28}},"loc":{"start":{"line":452,"column":45},"end":{"line":463,"column":1}},"line":452},"9":{"name":"createMilestone","decl":{"start":{"line":465,"column":15},"end":{"line":465,"column":30}},"loc":{"start":{"line":465,"column":47},"end":{"line":480,"column":1}},"line":465},"10":{"name":"updateMilestone","decl":{"start":{"line":482,"column":15},"end":{"line":482,"column":30}},"loc":{"start":{"line":482,"column":47},"end":{"line":505,"column":1}},"line":482},"11":{"name":"deleteMilestone","decl":{"start":{"line":507,"column":15},"end":{"line":507,"column":30}},"loc":{"start":{"line":507,"column":47},"end":{"line":516,"column":1}},"line":507}},"branchMap":{"0":{"loc":{"start":{"line":34,"column":8},"end":{"line":36,"column":9}},"type":"if","locations":[{"start":{"line":34,"column":8},"end":{"line":36,"column":9}},{"start":{},"end":{}}],"line":34},"1":{"loc":{"start":{"line":53,"column":8},"end":{"line":55,"column":9}},"type":"if","locations":[{"start":{"line":53,"column":8},"end":{"line":55,"column":9}},{"start":{},"end":{}}],"line":53},"2":{"loc":{"start":{"line":60,"column":26},"end":{"line":60,"column":85}},"type":"cond-expr","locations":[{"start":{"line":60,"column":54},"end":{"line":60,"column":68}},{"start":{"line":60,"column":71},"end":{"line":60,"column":85}}],"line":60},"3":{"loc":{"start":{"line":65,"column":8},"end":{"line":74,"column":9}},"type":"if","locations":[{"start":{"line":65,"column":8},"end":{"line":74,"column":9}},{"start":{},"end":{}}],"line":65},"4":{"loc":{"start":{"line":70,"column":12},"end":{"line":73,"column":13}},"type":"if","locations":[{"start":{"line":70,"column":12},"end":{"line":73,"column":13}},{"start":{},"end":{}}],"line":70},"5":{"loc":{"start":{"line":71,"column":30},"end":{"line":71,"column":79}},"type":"binary-expr","locations":[{"start":{"line":71,"column":30},"end":{"line":71,"column":64}},{"start":{"line":71,"column":68},"end":{"line":71,"column":79}}],"line":71},"6":{"loc":{"start":{"line":79,"column":35},"end":{"line":79,"column":59}},"type":"binary-expr","locations":[{"start":{"line":79,"column":35},"end":{"line":79,"column":50}},{"start":{"line":79,"column":54},"end":{"line":79,"column":59}}],"line":79},"7":{"loc":{"start":{"line":85,"column":37},"end":{"line":85,"column":69}},"type":"binary-expr","locations":[{"start":{"line":85,"column":37},"end":{"line":85,"column":61}},{"start":{"line":85,"column":65},"end":{"line":85,"column":69}}],"line":85},"8":{"loc":{"start":{"line":87,"column":28},"end":{"line":87,"column":52}},"type":"binary-expr","locations":[{"start":{"line":87,"column":28},"end":{"line":87,"column":43}},{"start":{"line":87,"column":47},"end":{"line":87,"column":52}}],"line":87},"9":{"loc":{"start":{"line":103,"column":8},"end":{"line":103,"column":78}},"type":"if","locations":[{"start":{"line":103,"column":8},"end":{"line":103,"column":78}},{"start":{},"end":{}}],"line":103},"10":{"loc":{"start":{"line":113,"column":8},"end":{"line":117,"column":9}},"type":"if","locations":[{"start":{"line":113,"column":8},"end":{"line":117,"column":9}},{"start":{},"end":{}}],"line":113},"11":{"loc":{"start":{"line":130,"column":15},"end":{"line":130,"column":62}},"type":"binary-expr","locations":[{"start":{"line":130,"column":15},"end":{"line":130,"column":24}},{"start":{"line":130,"column":28},"end":{"line":130,"column":62}}],"line":130},"12":{"loc":{"start":{"line":139,"column":12},"end":{"line":141,"column":13}},"type":"if","locations":[{"start":{"line":139,"column":12},"end":{"line":141,"column":13}},{"start":{},"end":{}}],"line":139},"13":{"loc":{"start":{"line":145,"column":8},"end":{"line":147,"column":9}},"type":"if","locations":[{"start":{"line":145,"column":8},"end":{"line":147,"column":9}},{"start":{},"end":{}}],"line":145},"14":{"loc":{"start":{"line":166,"column":8},"end":{"line":166,"column":79}},"type":"if","locations":[{"start":{"line":166,"column":8},"end":{"line":166,"column":79}},{"start":{},"end":{}}],"line":166},"15":{"loc":{"start":{"line":176,"column":12},"end":{"line":180,"column":13}},"type":"if","locations":[{"start":{"line":176,"column":12},"end":{"line":180,"column":13}},{"start":{},"end":{}}],"line":176},"16":{"loc":{"start":{"line":193,"column":12},"end":{"line":197,"column":13}},"type":"if","locations":[{"start":{"line":193,"column":12},"end":{"line":197,"column":13}},{"start":{},"end":{}}],"line":193},"17":{"loc":{"start":{"line":200,"column":12},"end":{"line":223,"column":13}},"type":"if","locations":[{"start":{"line":200,"column":12},"end":{"line":223,"column":13}},{"start":{},"end":{}}],"line":200},"18":{"loc":{"start":{"line":201,"column":16},"end":{"line":222,"column":17}},"type":"if","locations":[{"start":{"line":201,"column":16},"end":{"line":222,"column":17}},{"start":{"line":218,"column":23},"end":{"line":222,"column":17}}],"line":201},"19":{"loc":{"start":{"line":233,"column":12},"end":{"line":237,"column":13}},"type":"if","locations":[{"start":{"line":233,"column":12},"end":{"line":237,"column":13}},{"start":{},"end":{}}],"line":233},"20":{"loc":{"start":{"line":280,"column":12},"end":{"line":288,"column":13}},"type":"if","locations":[{"start":{"line":280,"column":12},"end":{"line":288,"column":13}},{"start":{},"end":{}}],"line":280},"21":{"loc":{"start":{"line":284,"column":33},"end":{"line":284,"column":73}},"type":"binary-expr","locations":[{"start":{"line":284,"column":33},"end":{"line":284,"column":56}},{"start":{"line":284,"column":60},"end":{"line":284,"column":73}}],"line":284},"22":{"loc":{"start":{"line":292,"column":35},"end":{"line":292,"column":67}},"type":"binary-expr","locations":[{"start":{"line":292,"column":35},"end":{"line":292,"column":58}},{"start":{"line":292,"column":62},"end":{"line":292,"column":67}}],"line":292},"23":{"loc":{"start":{"line":294,"column":30},"end":{"line":294,"column":68}},"type":"binary-expr","locations":[{"start":{"line":294,"column":30},"end":{"line":294,"column":51}},{"start":{"line":294,"column":55},"end":{"line":294,"column":68}}],"line":294},"24":{"loc":{"start":{"line":312,"column":30},"end":{"line":312,"column":75}},"type":"binary-expr","locations":[{"start":{"line":312,"column":30},"end":{"line":312,"column":69}},{"start":{"line":312,"column":73},"end":{"line":312,"column":75}}],"line":312},"25":{"loc":{"start":{"line":325,"column":8},"end":{"line":331,"column":9}},"type":"if","locations":[{"start":{"line":325,"column":8},"end":{"line":331,"column":9}},{"start":{},"end":{}}],"line":325},"26":{"loc":{"start":{"line":358,"column":8},"end":{"line":364,"column":9}},"type":"if","locations":[{"start":{"line":358,"column":8},"end":{"line":364,"column":9}},{"start":{},"end":{}}],"line":358},"27":{"loc":{"start":{"line":370,"column":8},"end":{"line":375,"column":9}},"type":"if","locations":[{"start":{"line":370,"column":8},"end":{"line":375,"column":9}},{"start":{},"end":{}}],"line":370},"28":{"loc":{"start":{"line":379,"column":25},"end":{"line":379,"column":75}},"type":"cond-expr","locations":[{"start":{"line":379,"column":45},"end":{"line":379,"column":53}},{"start":{"line":379,"column":56},"end":{"line":379,"column":75}}],"line":379},"29":{"loc":{"start":{"line":381,"column":8},"end":{"line":394,"column":9}},"type":"if","locations":[{"start":{"line":381,"column":8},"end":{"line":394,"column":9}},{"start":{},"end":{}}],"line":381},"30":{"loc":{"start":{"line":389,"column":29},"end":{"line":389,"column":67}},"type":"cond-expr","locations":[{"start":{"line":389,"column":40},"end":{"line":389,"column":46}},{"start":{"line":389,"column":49},"end":{"line":389,"column":67}}],"line":389},"31":{"loc":{"start":{"line":415,"column":27},"end":{"line":417,"column":18}},"type":"cond-expr","locations":[{"start":{"line":416,"column":14},"end":{"line":416,"column":24}},{"start":{"line":417,"column":14},"end":{"line":417,"column":18}}],"line":415},"32":{"loc":{"start":{"line":415,"column":27},"end":{"line":415,"column":71}},"type":"binary-expr","locations":[{"start":{"line":415,"column":27},"end":{"line":415,"column":50}},{"start":{"line":415,"column":54},"end":{"line":415,"column":71}}],"line":415},"33":{"loc":{"start":{"line":430,"column":8},"end":{"line":437,"column":9}},"type":"if","locations":[{"start":{"line":430,"column":8},"end":{"line":437,"column":9}},{"start":{},"end":{}}],"line":430},"34":{"loc":{"start":{"line":435,"column":27},"end":{"line":435,"column":74}},"type":"binary-expr","locations":[{"start":{"line":435,"column":27},"end":{"line":435,"column":46}},{"start":{"line":435,"column":50},"end":{"line":435,"column":74}}],"line":435},"35":{"loc":{"start":{"line":443,"column":33},"end":{"line":443,"column":69}},"type":"binary-expr","locations":[{"start":{"line":443,"column":33},"end":{"line":443,"column":61}},{"start":{"line":443,"column":65},"end":{"line":443,"column":69}}],"line":443},"36":{"loc":{"start":{"line":444,"column":24},"end":{"line":444,"column":71}},"type":"binary-expr","locations":[{"start":{"line":444,"column":24},"end":{"line":444,"column":43}},{"start":{"line":444,"column":47},"end":{"line":444,"column":71}}],"line":444},"37":{"loc":{"start":{"line":474,"column":51},"end":{"line":474,"column":64}},"type":"binary-expr","locations":[{"start":{"line":474,"column":51},"end":{"line":474,"column":56}},{"start":{"line":474,"column":60},"end":{"line":474,"column":64}}],"line":474},"38":{"loc":{"start":{"line":498,"column":8},"end":{"line":500,"column":9}},"type":"if","locations":[{"start":{"line":498,"column":8},"end":{"line":500,"column":9}},{"start":{},"end":{}}],"line":498}},"s":{"0":1,"1":1,"2":1,"3":1,"4":1,"5":1,"6":1,"7":1,"8":1,"9":1,"10":3,"11":3,"12":3,"13":1,"14":2,"15":2,"16":2,"17":2,"18":2,"19":1,"20":1,"21":1,"22":1,"23":1,"24":1,"25":1,"26":1,"27":1,"28":1,"29":1,"30":0,"31":3,"32":3,"33":3,"34":3,"35":1,"36":2,"37":2,"38":1,"39":1,"40":1,"41":1,"42":1,"43":1,"44":1,"45":1,"46":1,"47":1,"48":1,"49":0,"50":1,"51":0,"52":0,"53":0,"54":0,"55":0,"56":0,"57":0,"58":0,"59":0,"60":0,"61":0,"62":0,"63":0,"64":0,"65":0,"66":0,"67":0,"68":0,"69":0,"70":0,"71":0,"72":0,"73":0,"74":0,"75":0,"76":0,"77":0,"78":0,"79":0,"80":0,"81":0,"82":0,"83":0,"84":0,"85":0,"86":0,"87":0,"88":0,"89":0,"90":0,"91":0,"92":0,"93":0,"94":0,"95":0,"96":0,"97":0,"98":0,"99":2,"100":2,"101":2,"102":2,"103":2,"104":1,"105":1,"106":1,"107":1,"108":1,"109":0,"110":0,"111":0,"112":0,"113":0,"114":0,"115":0,"116":0,"117":0,"118":0,"119":0,"120":0,"121":0,"122":0,"123":0,"124":0,"125":0,"126":0,"127":0,"128":0,"129":0,"130":0,"131":0,"132":0,"133":0,"134":0,"135":0,"136":0,"137":0,"138":0,"139":0,"140":0,"141":0,"142":0,"143":0,"144":0,"145":0,"146":0,"147":0,"148":0,"149":0,"150":0,"151":0,"152":0,"153":0,"154":0,"155":0,"156":0,"157":0,"158":0,"159":0,"160":0,"161":0,"162":0,"163":0,"164":0,"165":0,"166":0,"167":0,"168":1},"f":{"0":1,"1":3,"2":3,"3":0,"4":0,"5":2,"6":0,"7":0,"8":0,"9":0,"10":0,"11":0},"b":{"0":[1,2],"1":[1,1],"2":[1,0],"3":[1,0],"4":[1,0],"5":[1,0],"6":[1,0],"7":[1,1],"8":[1,1],"9":[1,2],"10":[1,1],"11":[2,1],"12":[1,0],"13":[0,1],"14":[0,0],"15":[0,0],"16":[0,0],"17":[0,0],"18":[0,0],"19":[0,0],"20":[0,0],"21":[0,0],"22":[0,0],"23":[0,0],"24":[2,2],"25":[1,0],"26":[0,0],"27":[0,0],"28":[0,0],"29":[0,0],"30":[0,0],"31":[0,0],"32":[0,0],"33":[0,0],"34":[0,0],"35":[0,0],"36":[0,0],"37":[0,0],"38":[0,0]},"_coverageSchema":"1a1c01bbd47fc00a2c39e90264f33305004495a9","hash":"f58f907bde0cf97faf37584adb517da191b84a8d"}
,"D:\\WebDreamForLove\\backend\\src\\controllers\\food.controller.js": {"path":"D:\\WebDreamForLove\\backend\\src\\controllers\\food.controller.js","statementMap":{"0":{"start":{"line":1,"column":18},"end":{"line":1,"column":47}},"1":{"start":{"line":2,"column":23},"end":{"line":2,"column":38}},"2":{"start":{"line":3,"column":22},"end":{"line":3,"column":39}},"3":{"start":{"line":4,"column":18},"end":{"line":4,"column":53}},"4":{"start":{"line":10,"column":4},"end":{"line":44,"column":5}},"5":{"start":{"line":11,"column":31},"end":{"line":11,"column":45}},"6":{"start":{"line":12,"column":21},"end":{"line":12,"column":63}},"7":{"start":{"line":13,"column":22},"end":{"line":13,"column":80}},"8":{"start":{"line":14,"column":23},"end":{"line":14,"column":41}},"9":{"start":{"line":16,"column":28},"end":{"line":19,"column":9}},"10":{"start":{"line":20,"column":22},"end":{"line":20,"column":47}},"11":{"start":{"line":22,"column":23},"end":{"line":30,"column":9}},"12":{"start":{"line":32,"column":8},"end":{"line":41,"column":11}},"13":{"start":{"line":43,"column":8},"end":{"line":43,"column":18}},"14":{"start":{"line":49,"column":4},"end":{"line":72,"column":5}},"15":{"start":{"line":50,"column":31},"end":{"line":50,"column":45}},"16":{"start":{"line":51,"column":23},"end":{"line":51,"column":36}},"17":{"start":{"line":52,"column":42},"end":{"line":52,"column":50}},"18":{"start":{"line":54,"column":23},"end":{"line":59,"column":9}},"19":{"start":{"line":61,"column":19},"end":{"line":61,"column":26}},"20":{"start":{"line":62,"column":8},"end":{"line":67,"column":9}},"21":{"start":{"line":63,"column":12},"end":{"line":66,"column":15}},"22":{"start":{"line":69,"column":8},"end":{"line":69,"column":45}},"23":{"start":{"line":71,"column":8},"end":{"line":71,"column":18}},"24":{"start":{"line":77,"column":4},"end":{"line":108,"column":5}},"25":{"start":{"line":78,"column":23},"end":{"line":78,"column":33}},"26":{"start":{"line":79,"column":31},"end":{"line":79,"column":45}},"27":{"start":{"line":80,"column":23},"end":{"line":80,"column":36}},"28":{"start":{"line":82,"column":23},"end":{"line":88,"column":9}},"29":{"start":{"line":90,"column":8},"end":{"line":92,"column":9}},"30":{"start":{"line":91,"column":12},"end":{"line":91,"column":74}},"31":{"start":{"line":94,"column":28},"end":{"line":94,"column":42}},"32":{"start":{"line":95,"column":8},"end":{"line":103,"column":9}},"33":{"start":{"line":96,"column":23},"end":{"line":96,"column":30}},"34":{"start":{"line":97,"column":12},"end":{"line":102,"column":13}},"35":{"start":{"line":98,"column":16},"end":{"line":101,"column":19}},"36":{"start":{"line":105,"column":8},"end":{"line":105,"column":36}},"37":{"start":{"line":107,"column":8},"end":{"line":107,"column":18}},"38":{"start":{"line":113,"column":4},"end":{"line":167,"column":5}},"39":{"start":{"line":114,"column":31},"end":{"line":114,"column":45}},"40":{"start":{"line":116,"column":36},"end":{"line":123,"column":9}},"41":{"start":{"line":125,"column":30},"end":{"line":125,"column":69}},"42":{"start":{"line":126,"column":8},"end":{"line":128,"column":9}},"43":{"start":{"line":127,"column":12},"end":{"line":127,"column":92}},"44":{"start":{"line":130,"column":23},"end":{"line":130,"column":47}},"45":{"start":{"line":132,"column":23},"end":{"line":142,"column":9}},"46":{"start":{"line":144,"column":8},"end":{"line":162,"column":9}},"47":{"start":{"line":145,"column":29},"end":{"line":155,"column":13}},"48":{"start":{"line":157,"column":12},"end":{"line":159,"column":13}},"49":{"start":{"line":158,"column":16},"end":{"line":158,"column":96}},"50":{"start":{"line":161,"column":12},"end":{"line":161,"column":56}},"51":{"start":{"line":164,"column":8},"end":{"line":164,"column":43}},"52":{"start":{"line":166,"column":8},"end":{"line":166,"column":18}},"53":{"start":{"line":172,"column":4},"end":{"line":203,"column":5}},"54":{"start":{"line":173,"column":23},"end":{"line":173,"column":33}},"55":{"start":{"line":174,"column":31},"end":{"line":174,"column":45}},"56":{"start":{"line":175,"column":23},"end":{"line":175,"column":36}},"57":{"start":{"line":176,"column":42},"end":{"line":176,"column":50}},"58":{"start":{"line":178,"column":23},"end":{"line":186,"column":9}},"59":{"start":{"line":188,"column":8},"end":{"line":190,"column":9}},"60":{"start":{"line":189,"column":12},"end":{"line":189,"column":74}},"61":{"start":{"line":192,"column":19},"end":{"line":192,"column":26}},"62":{"start":{"line":193,"column":8},"end":{"line":198,"column":9}},"63":{"start":{"line":194,"column":12},"end":{"line":197,"column":15}},"64":{"start":{"line":200,"column":8},"end":{"line":200,"column":33}},"65":{"start":{"line":202,"column":8},"end":{"line":202,"column":18}},"66":{"start":{"line":208,"column":4},"end":{"line":236,"column":5}},"67":{"start":{"line":209,"column":23},"end":{"line":209,"column":33}},"68":{"start":{"line":210,"column":31},"end":{"line":210,"column":45}},"69":{"start":{"line":211,"column":23},"end":{"line":211,"column":36}},"70":{"start":{"line":213,"column":23},"end":{"line":219,"column":9}},"71":{"start":{"line":221,"column":8},"end":{"line":223,"column":9}},"72":{"start":{"line":222,"column":12},"end":{"line":222,"column":74}},"73":{"start":{"line":225,"column":19},"end":{"line":225,"column":26}},"74":{"start":{"line":226,"column":8},"end":{"line":231,"column":9}},"75":{"start":{"line":227,"column":12},"end":{"line":230,"column":15}},"76":{"start":{"line":233,"column":8},"end":{"line":233,"column":33}},"77":{"start":{"line":235,"column":8},"end":{"line":235,"column":18}},"78":{"start":{"line":239,"column":0},"end":{"line":239,"column":67}}},"fnMap":{"0":{"name":"list","decl":{"start":{"line":9,"column":15},"end":{"line":9,"column":19}},"loc":{"start":{"line":9,"column":36},"end":{"line":45,"column":1}},"line":9},"1":{"name":"create","decl":{"start":{"line":48,"column":15},"end":{"line":48,"column":21}},"loc":{"start":{"line":48,"column":38},"end":{"line":73,"column":1}},"line":48},"2":{"name":"remove","decl":{"start":{"line":76,"column":15},"end":{"line":76,"column":21}},"loc":{"start":{"line":76,"column":38},"end":{"line":109,"column":1}},"line":76},"3":{"name":"spin","decl":{"start":{"line":112,"column":15},"end":{"line":112,"column":19}},"loc":{"start":{"line":112,"column":36},"end":{"line":168,"column":1}},"line":112},"4":{"name":"update","decl":{"start":{"line":171,"column":15},"end":{"line":171,"column":21}},"loc":{"start":{"line":171,"column":38},"end":{"line":204,"column":1}},"line":171},"5":{"name":"markEaten","decl":{"start":{"line":207,"column":15},"end":{"line":207,"column":24}},"loc":{"start":{"line":207,"column":41},"end":{"line":237,"column":1}},"line":207}},"branchMap":{"0":{"loc":{"start":{"line":12,"column":33},"end":{"line":12,"column":62}},"type":"binary-expr","locations":[{"start":{"line":12,"column":33},"end":{"line":12,"column":57}},{"start":{"line":12,"column":61},"end":{"line":12,"column":62}}],"line":12},"1":{"loc":{"start":{"line":13,"column":47},"end":{"line":13,"column":78}},"type":"binary-expr","locations":[{"start":{"line":13,"column":47},"end":{"line":13,"column":72}},{"start":{"line":13,"column":76},"end":{"line":13,"column":78}}],"line":13},"2":{"loc":{"start":{"line":58,"column":45},"end":{"line":58,"column":58}},"type":"binary-expr","locations":[{"start":{"line":58,"column":45},"end":{"line":58,"column":50}},{"start":{"line":58,"column":54},"end":{"line":58,"column":58}}],"line":58},"3":{"loc":{"start":{"line":58,"column":60},"end":{"line":58,"column":76}},"type":"binary-expr","locations":[{"start":{"line":58,"column":60},"end":{"line":58,"column":68}},{"start":{"line":58,"column":72},"end":{"line":58,"column":76}}],"line":58},"4":{"loc":{"start":{"line":62,"column":8},"end":{"line":67,"column":9}},"type":"if","locations":[{"start":{"line":62,"column":8},"end":{"line":67,"column":9}},{"start":{},"end":{}}],"line":62},"5":{"loc":{"start":{"line":90,"column":8},"end":{"line":92,"column":9}},"type":"if","locations":[{"start":{"line":90,"column":8},"end":{"line":92,"column":9}},{"start":{},"end":{}}],"line":90},"6":{"loc":{"start":{"line":95,"column":8},"end":{"line":103,"column":9}},"type":"if","locations":[{"start":{"line":95,"column":8},"end":{"line":103,"column":9}},{"start":{},"end":{}}],"line":95},"7":{"loc":{"start":{"line":97,"column":12},"end":{"line":102,"column":13}},"type":"if","locations":[{"start":{"line":97,"column":12},"end":{"line":102,"column":13}},{"start":{},"end":{}}],"line":97},"8":{"loc":{"start":{"line":125,"column":30},"end":{"line":125,"column":69}},"type":"binary-expr","locations":[{"start":{"line":125,"column":30},"end":{"line":125,"column":64}},{"start":{"line":125,"column":68},"end":{"line":125,"column":69}}],"line":125},"9":{"loc":{"start":{"line":126,"column":8},"end":{"line":128,"column":9}},"type":"if","locations":[{"start":{"line":126,"column":8},"end":{"line":128,"column":9}},{"start":{},"end":{}}],"line":126},"10":{"loc":{"start":{"line":144,"column":8},"end":{"line":162,"column":9}},"type":"if","locations":[{"start":{"line":144,"column":8},"end":{"line":162,"column":9}},{"start":{},"end":{}}],"line":144},"11":{"loc":{"start":{"line":157,"column":12},"end":{"line":159,"column":13}},"type":"if","locations":[{"start":{"line":157,"column":12},"end":{"line":159,"column":13}},{"start":{},"end":{}}],"line":157},"12":{"loc":{"start":{"line":188,"column":8},"end":{"line":190,"column":9}},"type":"if","locations":[{"start":{"line":188,"column":8},"end":{"line":190,"column":9}},{"start":{},"end":{}}],"line":188},"13":{"loc":{"start":{"line":193,"column":8},"end":{"line":198,"column":9}},"type":"if","locations":[{"start":{"line":193,"column":8},"end":{"line":198,"column":9}},{"start":{},"end":{}}],"line":193},"14":{"loc":{"start":{"line":221,"column":8},"end":{"line":223,"column":9}},"type":"if","locations":[{"start":{"line":221,"column":8},"end":{"line":223,"column":9}},{"start":{},"end":{}}],"line":221},"15":{"loc":{"start":{"line":226,"column":8},"end":{"line":231,"column":9}},"type":"if","locations":[{"start":{"line":226,"column":8},"end":{"line":231,"column":9}},{"start":{},"end":{}}],"line":226}},"s":{"0":1,"1":1,"2":1,"3":1,"4":2,"5":2,"6":2,"7":2,"8":2,"9":2,"10":2,"11":2,"12":2,"13":0,"14":1,"15":1,"16":1,"17":1,"18":1,"19":1,"20":1,"21":1,"22":1,"23":0,"24":2,"25":2,"26":2,"27":2,"28":2,"29":2,"30":1,"31":1,"32":1,"33":1,"34":1,"35":1,"36":1,"37":0,"38":3,"39":3,"40":3,"41":3,"42":3,"43":1,"44":2,"45":2,"46":2,"47":1,"48":1,"49":0,"50":1,"51":1,"52":0,"53":0,"54":0,"55":0,"56":0,"57":0,"58":0,"59":0,"60":0,"61":0,"62":0,"63":0,"64":0,"65":0,"66":0,"67":0,"68":0,"69":0,"70":0,"71":0,"72":0,"73":0,"74":0,"75":0,"76":0,"77":0,"78":1},"f":{"0":2,"1":1,"2":2,"3":3,"4":0,"5":0},"b":{"0":[2,1],"1":[2,1],"2":[1,0],"3":[1,0],"4":[1,0],"5":[1,1],"6":[1,0],"7":[1,0],"8":[3,1],"9":[1,2],"10":[1,1],"11":[0,1],"12":[0,0],"13":[0,0],"14":[0,0],"15":[0,0]},"_coverageSchema":"1a1c01bbd47fc00a2c39e90264f33305004495a9","hash":"51cba858e3832fed2cd09fd107a566edbec4ef6f"}
,"D:\\WebDreamForLove\\backend\\src\\controllers\\mood.controller.js": {"path":"D:\\WebDreamForLove\\backend\\src\\controllers\\mood.controller.js","statementMap":{"0":{"start":{"line":1,"column":18},"end":{"line":1,"column":47}},"1":{"start":{"line":2,"column":23},"end":{"line":2,"column":38}},"2":{"start":{"line":3,"column":33},"end":{"line":3,"column":62}},"3":{"start":{"line":4,"column":18},"end":{"line":4,"column":53}},"4":{"start":{"line":8,"column":4},"end":{"line":28,"column":5}},"5":{"start":{"line":9,"column":31},"end":{"line":9,"column":45}},"6":{"start":{"line":10,"column":23},"end":{"line":10,"column":36}},"7":{"start":{"line":12,"column":23},"end":{"line":20,"column":9}},"8":{"start":{"line":22,"column":23},"end":{"line":22,"column":74}},"9":{"start":{"line":22,"column":45},"end":{"line":22,"column":65}},"10":{"start":{"line":23,"column":28},"end":{"line":23,"column":79}},"11":{"start":{"line":23,"column":50},"end":{"line":23,"column":70}},"12":{"start":{"line":25,"column":8},"end":{"line":25,"column":65}},"13":{"start":{"line":27,"column":8},"end":{"line":27,"column":18}},"14":{"start":{"line":33,"column":4},"end":{"line":64,"column":5}},"15":{"start":{"line":34,"column":31},"end":{"line":34,"column":45}},"16":{"start":{"line":35,"column":21},"end":{"line":35,"column":63}},"17":{"start":{"line":36,"column":22},"end":{"line":36,"column":81}},"18":{"start":{"line":37,"column":23},"end":{"line":37,"column":41}},"19":{"start":{"line":39,"column":28},"end":{"line":42,"column":9}},"20":{"start":{"line":43,"column":22},"end":{"line":43,"column":47}},"21":{"start":{"line":45,"column":23},"end":{"line":53,"column":9}},"22":{"start":{"line":55,"column":8},"end":{"line":61,"column":11}},"23":{"start":{"line":63,"column":8},"end":{"line":63,"column":18}},"24":{"start":{"line":69,"column":4},"end":{"line":117,"column":5}},"25":{"start":{"line":70,"column":31},"end":{"line":70,"column":39}},"26":{"start":{"line":71,"column":31},"end":{"line":71,"column":45}},"27":{"start":{"line":72,"column":23},"end":{"line":72,"column":36}},"28":{"start":{"line":74,"column":23},"end":{"line":79,"column":9}},"29":{"start":{"line":81,"column":22},"end":{"line":81,"column":36}},"30":{"start":{"line":84,"column":19},"end":{"line":84,"column":26}},"31":{"start":{"line":85,"column":8},"end":{"line":90,"column":9}},"32":{"start":{"line":86,"column":12},"end":{"line":89,"column":14}},"33":{"start":{"line":93,"column":30},"end":{"line":101,"column":9}},"34":{"start":{"line":102,"column":24},"end":{"line":102,"column":45}},"35":{"start":{"line":103,"column":8},"end":{"line":112,"column":9}},"36":{"start":{"line":104,"column":31},"end":{"line":104,"column":67}},"37":{"start":{"line":105,"column":30},"end":{"line":105,"column":93}},"38":{"start":{"line":106,"column":12},"end":{"line":111,"column":15}},"39":{"start":{"line":114,"column":8},"end":{"line":114,"column":36}},"40":{"start":{"line":116,"column":8},"end":{"line":116,"column":18}},"41":{"start":{"line":120,"column":0},"end":{"line":120,"column":52}}},"fnMap":{"0":{"name":"getCurrent","decl":{"start":{"line":7,"column":15},"end":{"line":7,"column":25}},"loc":{"start":{"line":7,"column":42},"end":{"line":29,"column":1}},"line":7},"1":{"name":"(anonymous_1)","decl":{"start":{"line":22,"column":40},"end":{"line":22,"column":41}},"loc":{"start":{"line":22,"column":45},"end":{"line":22,"column":65}},"line":22},"2":{"name":"(anonymous_2)","decl":{"start":{"line":23,"column":45},"end":{"line":23,"column":46}},"loc":{"start":{"line":23,"column":50},"end":{"line":23,"column":70}},"line":23},"3":{"name":"getHistory","decl":{"start":{"line":32,"column":15},"end":{"line":32,"column":25}},"loc":{"start":{"line":32,"column":42},"end":{"line":65,"column":1}},"line":32},"4":{"name":"create","decl":{"start":{"line":68,"column":15},"end":{"line":68,"column":21}},"loc":{"start":{"line":68,"column":38},"end":{"line":118,"column":1}},"line":68}},"branchMap":{"0":{"loc":{"start":{"line":22,"column":23},"end":{"line":22,"column":74}},"type":"binary-expr","locations":[{"start":{"line":22,"column":23},"end":{"line":22,"column":66}},{"start":{"line":22,"column":70},"end":{"line":22,"column":74}}],"line":22},"1":{"loc":{"start":{"line":23,"column":28},"end":{"line":23,"column":79}},"type":"binary-expr","locations":[{"start":{"line":23,"column":28},"end":{"line":23,"column":71}},{"start":{"line":23,"column":75},"end":{"line":23,"column":79}}],"line":23},"2":{"loc":{"start":{"line":35,"column":33},"end":{"line":35,"column":62}},"type":"binary-expr","locations":[{"start":{"line":35,"column":33},"end":{"line":35,"column":57}},{"start":{"line":35,"column":61},"end":{"line":35,"column":62}}],"line":35},"3":{"loc":{"start":{"line":36,"column":48},"end":{"line":36,"column":79}},"type":"binary-expr","locations":[{"start":{"line":36,"column":48},"end":{"line":36,"column":73}},{"start":{"line":36,"column":77},"end":{"line":36,"column":79}}],"line":36},"4":{"loc":{"start":{"line":78,"column":45},"end":{"line":78,"column":57}},"type":"binary-expr","locations":[{"start":{"line":78,"column":45},"end":{"line":78,"column":49}},{"start":{"line":78,"column":53},"end":{"line":78,"column":57}}],"line":78},"5":{"loc":{"start":{"line":85,"column":8},"end":{"line":90,"column":9}},"type":"if","locations":[{"start":{"line":85,"column":8},"end":{"line":90,"column":9}},{"start":{},"end":{}}],"line":85},"6":{"loc":{"start":{"line":103,"column":8},"end":{"line":112,"column":9}},"type":"if","locations":[{"start":{"line":103,"column":8},"end":{"line":112,"column":9}},{"start":{},"end":{}}],"line":103},"7":{"loc":{"start":{"line":104,"column":31},"end":{"line":104,"column":67}},"type":"binary-expr","locations":[{"start":{"line":104,"column":31},"end":{"line":104,"column":55}},{"start":{"line":104,"column":59},"end":{"line":104,"column":67}}],"line":104},"8":{"loc":{"start":{"line":108,"column":40},"end":{"line":108,"column":63}},"type":"binary-expr","locations":[{"start":{"line":108,"column":40},"end":{"line":108,"column":55}},{"start":{"line":108,"column":59},"end":{"line":108,"column":63}}],"line":108},"9":{"loc":{"start":{"line":109,"column":39},"end":{"line":109,"column":158}},"type":"cond-expr","locations":[{"start":{"line":109,"column":58},"end":{"line":109,"column":63}},{"start":{"line":109,"column":66},"end":{"line":109,"column":158}}],"line":109},"10":{"loc":{"start":{"line":109,"column":66},"end":{"line":109,"column":158}},"type":"cond-expr","locations":[{"start":{"line":109,"column":83},"end":{"line":109,"column":89}},{"start":{"line":109,"column":92},"end":{"line":109,"column":158}}],"line":109},"11":{"loc":{"start":{"line":109,"column":92},"end":{"line":109,"column":158}},"type":"cond-expr","locations":[{"start":{"line":109,"column":110},"end":{"line":109,"column":115}},{"start":{"line":109,"column":118},"end":{"line":109,"column":158}}],"line":109},"12":{"loc":{"start":{"line":109,"column":118},"end":{"line":109,"column":158}},"type":"cond-expr","locations":[{"start":{"line":109,"column":137},"end":{"line":109,"column":143}},{"start":{"line":109,"column":146},"end":{"line":109,"column":158}}],"line":109}},"s":{"0":1,"1":1,"2":1,"3":1,"4":2,"5":2,"6":2,"7":2,"8":2,"9":1,"10":2,"11":2,"12":2,"13":0,"14":2,"15":2,"16":2,"17":2,"18":2,"19":2,"20":2,"21":2,"22":2,"23":0,"24":2,"25":2,"26":2,"27":2,"28":2,"29":1,"30":1,"31":1,"32":1,"33":1,"34":1,"35":1,"36":1,"37":1,"38":1,"39":1,"40":1,"41":1},"f":{"0":2,"1":1,"2":2,"3":2,"4":2},"b":{"0":[2,1],"1":[2,1],"2":[2,1],"3":[2,0],"4":[2,1],"5":[1,0],"6":[1,0],"7":[1,0],"8":[1,0],"9":[0,1],"10":[0,1],"11":[0,1],"12":[0,1]},"_coverageSchema":"1a1c01bbd47fc00a2c39e90264f33305004495a9","hash":"2e29725cf6e9e46d7ca174e53749f95f20e31c0e"}
,"D:\\WebDreamForLove\\backend\\src\\controllers\\wishlist.controller.js": {"path":"D:\\WebDreamForLove\\backend\\src\\controllers\\wishlist.controller.js","statementMap":{"0":{"start":{"line":1,"column":18},"end":{"line":1,"column":47}},"1":{"start":{"line":2,"column":23},"end":{"line":2,"column":38}},"2":{"start":{"line":3,"column":18},"end":{"line":3,"column":53}},"3":{"start":{"line":9,"column":4},"end":{"line":48,"column":5}},"4":{"start":{"line":10,"column":31},"end":{"line":10,"column":45}},"5":{"start":{"line":11,"column":21},"end":{"line":11,"column":63}},"6":{"start":{"line":12,"column":22},"end":{"line":12,"column":80}},"7":{"start":{"line":13,"column":23},"end":{"line":13,"column":41}},"8":{"start":{"line":16,"column":28},"end":{"line":19,"column":9}},"9":{"start":{"line":20,"column":22},"end":{"line":20,"column":47}},"10":{"start":{"line":22,"column":23},"end":{"line":34,"column":9}},"11":{"start":{"line":36,"column":8},"end":{"line":45,"column":11}},"12":{"start":{"line":47,"column":8},"end":{"line":47,"column":18}},"13":{"start":{"line":53,"column":4},"end":{"line":87,"column":5}},"14":{"start":{"line":54,"column":31},"end":{"line":54,"column":45}},"15":{"start":{"line":55,"column":23},"end":{"line":55,"column":36}},"16":{"start":{"line":56,"column":76},"end":{"line":56,"column":84}},"17":{"start":{"line":58,"column":23},"end":{"line":74,"column":9}},"18":{"start":{"line":76,"column":19},"end":{"line":76,"column":26}},"19":{"start":{"line":77,"column":8},"end":{"line":82,"column":9}},"20":{"start":{"line":78,"column":12},"end":{"line":81,"column":15}},"21":{"start":{"line":84,"column":8},"end":{"line":84,"column":45}},"22":{"start":{"line":86,"column":8},"end":{"line":86,"column":18}},"23":{"start":{"line":92,"column":4},"end":{"line":123,"column":5}},"24":{"start":{"line":93,"column":23},"end":{"line":93,"column":33}},"25":{"start":{"line":94,"column":31},"end":{"line":94,"column":45}},"26":{"start":{"line":95,"column":23},"end":{"line":95,"column":36}},"27":{"start":{"line":96,"column":30},"end":{"line":96,"column":74}},"28":{"start":{"line":98,"column":23},"end":{"line":106,"column":9}},"29":{"start":{"line":108,"column":8},"end":{"line":110,"column":9}},"30":{"start":{"line":109,"column":12},"end":{"line":109,"column":74}},"31":{"start":{"line":112,"column":19},"end":{"line":112,"column":26}},"32":{"start":{"line":113,"column":8},"end":{"line":118,"column":9}},"33":{"start":{"line":114,"column":12},"end":{"line":117,"column":15}},"34":{"start":{"line":120,"column":8},"end":{"line":120,"column":33}},"35":{"start":{"line":122,"column":8},"end":{"line":122,"column":18}},"36":{"start":{"line":128,"column":4},"end":{"line":172,"column":5}},"37":{"start":{"line":129,"column":23},"end":{"line":129,"column":33}},"38":{"start":{"line":130,"column":31},"end":{"line":130,"column":45}},"39":{"start":{"line":131,"column":23},"end":{"line":131,"column":36}},"40":{"start":{"line":133,"column":23},"end":{"line":139,"column":9}},"41":{"start":{"line":141,"column":8},"end":{"line":156,"column":9}},"42":{"start":{"line":142,"column":35},"end":{"line":147,"column":13}},"43":{"start":{"line":149,"column":12},"end":{"line":153,"column":13}},"44":{"start":{"line":150,"column":16},"end":{"line":152,"column":19}},"45":{"start":{"line":155,"column":12},"end":{"line":155,"column":74}},"46":{"start":{"line":158,"column":28},"end":{"line":158,"column":42}},"47":{"start":{"line":159,"column":8},"end":{"line":167,"column":9}},"48":{"start":{"line":160,"column":23},"end":{"line":160,"column":30}},"49":{"start":{"line":161,"column":12},"end":{"line":166,"column":13}},"50":{"start":{"line":162,"column":16},"end":{"line":165,"column":19}},"51":{"start":{"line":169,"column":8},"end":{"line":169,"column":36}},"52":{"start":{"line":171,"column":8},"end":{"line":171,"column":18}},"53":{"start":{"line":177,"column":4},"end":{"line":212,"column":5}},"54":{"start":{"line":178,"column":23},"end":{"line":178,"column":33}},"55":{"start":{"line":179,"column":31},"end":{"line":179,"column":45}},"56":{"start":{"line":180,"column":23},"end":{"line":180,"column":36}},"57":{"start":{"line":181,"column":76},"end":{"line":181,"column":84}},"58":{"start":{"line":183,"column":23},"end":{"line":195,"column":9}},"59":{"start":{"line":197,"column":8},"end":{"line":199,"column":9}},"60":{"start":{"line":198,"column":12},"end":{"line":198,"column":74}},"61":{"start":{"line":201,"column":19},"end":{"line":201,"column":26}},"62":{"start":{"line":202,"column":8},"end":{"line":207,"column":9}},"63":{"start":{"line":203,"column":12},"end":{"line":206,"column":15}},"64":{"start":{"line":209,"column":8},"end":{"line":209,"column":33}},"65":{"start":{"line":211,"column":8},"end":{"line":211,"column":18}},"66":{"start":{"line":215,"column":0},"end":{"line":215,"column":62}}},"fnMap":{"0":{"name":"list","decl":{"start":{"line":8,"column":15},"end":{"line":8,"column":19}},"loc":{"start":{"line":8,"column":36},"end":{"line":49,"column":1}},"line":8},"1":{"name":"create","decl":{"start":{"line":52,"column":15},"end":{"line":52,"column":21}},"loc":{"start":{"line":52,"column":38},"end":{"line":88,"column":1}},"line":52},"2":{"name":"markBought","decl":{"start":{"line":91,"column":15},"end":{"line":91,"column":25}},"loc":{"start":{"line":91,"column":42},"end":{"line":124,"column":1}},"line":91},"3":{"name":"remove","decl":{"start":{"line":127,"column":15},"end":{"line":127,"column":21}},"loc":{"start":{"line":127,"column":38},"end":{"line":173,"column":1}},"line":127},"4":{"name":"update","decl":{"start":{"line":176,"column":15},"end":{"line":176,"column":21}},"loc":{"start":{"line":176,"column":38},"end":{"line":213,"column":1}},"line":176}},"branchMap":{"0":{"loc":{"start":{"line":11,"column":33},"end":{"line":11,"column":62}},"type":"binary-expr","locations":[{"start":{"line":11,"column":33},"end":{"line":11,"column":57}},{"start":{"line":11,"column":61},"end":{"line":11,"column":62}}],"line":11},"1":{"loc":{"start":{"line":12,"column":47},"end":{"line":12,"column":78}},"type":"binary-expr","locations":[{"start":{"line":12,"column":47},"end":{"line":12,"column":72}},{"start":{"line":12,"column":76},"end":{"line":12,"column":78}}],"line":12},"2":{"loc":{"start":{"line":68,"column":16},"end":{"line":68,"column":34}},"type":"binary-expr","locations":[{"start":{"line":68,"column":16},"end":{"line":68,"column":24}},{"start":{"line":68,"column":28},"end":{"line":68,"column":34}}],"line":68},"3":{"loc":{"start":{"line":69,"column":16},"end":{"line":69,"column":26}},"type":"binary-expr","locations":[{"start":{"line":69,"column":16},"end":{"line":69,"column":21}},{"start":{"line":69,"column":25},"end":{"line":69,"column":26}}],"line":69},"4":{"loc":{"start":{"line":70,"column":16},"end":{"line":70,"column":33}},"type":"binary-expr","locations":[{"start":{"line":70,"column":16},"end":{"line":70,"column":24}},{"start":{"line":70,"column":28},"end":{"line":70,"column":33}}],"line":70},"5":{"loc":{"start":{"line":71,"column":16},"end":{"line":71,"column":33}},"type":"binary-expr","locations":[{"start":{"line":71,"column":16},"end":{"line":71,"column":25}},{"start":{"line":71,"column":29},"end":{"line":71,"column":33}}],"line":71},"6":{"loc":{"start":{"line":72,"column":16},"end":{"line":72,"column":35}},"type":"binary-expr","locations":[{"start":{"line":72,"column":16},"end":{"line":72,"column":27}},{"start":{"line":72,"column":31},"end":{"line":72,"column":35}}],"line":72},"7":{"loc":{"start":{"line":77,"column":8},"end":{"line":82,"column":9}},"type":"if","locations":[{"start":{"line":77,"column":8},"end":{"line":82,"column":9}},{"start":{},"end":{}}],"line":77},"8":{"loc":{"start":{"line":96,"column":30},"end":{"line":96,"column":74}},"type":"cond-expr","locations":[{"start":{"line":96,"column":62},"end":{"line":96,"column":67}},{"start":{"line":96,"column":70},"end":{"line":96,"column":74}}],"line":96},"9":{"loc":{"start":{"line":108,"column":8},"end":{"line":110,"column":9}},"type":"if","locations":[{"start":{"line":108,"column":8},"end":{"line":110,"column":9}},{"start":{},"end":{}}],"line":108},"10":{"loc":{"start":{"line":113,"column":8},"end":{"line":118,"column":9}},"type":"if","locations":[{"start":{"line":113,"column":8},"end":{"line":118,"column":9}},{"start":{},"end":{}}],"line":113},"11":{"loc":{"start":{"line":141,"column":8},"end":{"line":156,"column":9}},"type":"if","locations":[{"start":{"line":141,"column":8},"end":{"line":156,"column":9}},{"start":{},"end":{}}],"line":141},"12":{"loc":{"start":{"line":149,"column":12},"end":{"line":153,"column":13}},"type":"if","locations":[{"start":{"line":149,"column":12},"end":{"line":153,"column":13}},{"start":{},"end":{}}],"line":149},"13":{"loc":{"start":{"line":159,"column":8},"end":{"line":167,"column":9}},"type":"if","locations":[{"start":{"line":159,"column":8},"end":{"line":167,"column":9}},{"start":{},"end":{}}],"line":159},"14":{"loc":{"start":{"line":161,"column":12},"end":{"line":166,"column":13}},"type":"if","locations":[{"start":{"line":161,"column":12},"end":{"line":166,"column":13}},{"start":{},"end":{}}],"line":161},"15":{"loc":{"start":{"line":197,"column":8},"end":{"line":199,"column":9}},"type":"if","locations":[{"start":{"line":197,"column":8},"end":{"line":199,"column":9}},{"start":{},"end":{}}],"line":197},"16":{"loc":{"start":{"line":202,"column":8},"end":{"line":207,"column":9}},"type":"if","locations":[{"start":{"line":202,"column":8},"end":{"line":207,"column":9}},{"start":{},"end":{}}],"line":202}},"s":{"0":1,"1":1,"2":1,"3":3,"4":3,"5":3,"6":3,"7":3,"8":3,"9":3,"10":3,"11":3,"12":0,"13":1,"14":1,"15":1,"16":1,"17":1,"18":1,"19":1,"20":1,"21":1,"22":0,"23":3,"24":3,"25":3,"26":3,"27":3,"28":3,"29":3,"30":1,"31":2,"32":2,"33":2,"34":2,"35":0,"36":3,"37":3,"38":3,"39":3,"40":3,"41":3,"42":2,"43":2,"44":1,"45":1,"46":1,"47":1,"48":1,"49":1,"50":1,"51":1,"52":0,"53":0,"54":0,"55":0,"56":0,"57":0,"58":0,"59":0,"60":0,"61":0,"62":0,"63":0,"64":0,"65":0,"66":1},"f":{"0":3,"1":1,"2":3,"3":3,"4":0},"b":{"0":[3,1],"1":[3,1],"2":[1,0],"3":[1,0],"4":[1,0],"5":[1,1],"6":[1,1],"7":[1,0],"8":[1,2],"9":[1,2],"10":[2,0],"11":[2,1],"12":[1,1],"13":[1,0],"14":[1,0],"15":[0,0],"16":[0,0]},"_coverageSchema":"1a1c01bbd47fc00a2c39e90264f33305004495a9","hash":"eb2f0a9bc0c050614bc8c6cb7975fd7f1e396fc1"}
,"D:\\WebDreamForLove\\backend\\src\\middleware\\couple.middleware.js": {"path":"D:\\WebDreamForLove\\backend\\src\\middleware\\couple.middleware.js","statementMap":{"0":{"start":{"line":1,"column":18},"end":{"line":1,"column":47}},"1":{"start":{"line":9,"column":4},"end":{"line":36,"column":5}},"2":{"start":{"line":10,"column":8},"end":{"line":12,"column":9}},"3":{"start":{"line":11,"column":12},"end":{"line":11,"column":68}},"4":{"start":{"line":14,"column":23},"end":{"line":14,"column":36}},"5":{"start":{"line":16,"column":23},"end":{"line":23,"column":9}},"6":{"start":{"line":25,"column":8},"end":{"line":30,"column":9}},"7":{"start":{"line":26,"column":12},"end":{"line":29,"column":15}},"8":{"start":{"line":32,"column":8},"end":{"line":32,"column":40}},"9":{"start":{"line":33,"column":8},"end":{"line":33,"column":15}},"10":{"start":{"line":35,"column":8},"end":{"line":35,"column":18}},"11":{"start":{"line":39,"column":0},"end":{"line":39,"column":35}}},"fnMap":{"0":{"name":"requireCouple","decl":{"start":{"line":8,"column":15},"end":{"line":8,"column":28}},"loc":{"start":{"line":8,"column":45},"end":{"line":37,"column":1}},"line":8}},"branchMap":{"0":{"loc":{"start":{"line":10,"column":8},"end":{"line":12,"column":9}},"type":"if","locations":[{"start":{"line":10,"column":8},"end":{"line":12,"column":9}},{"start":{},"end":{}}],"line":10},"1":{"loc":{"start":{"line":25,"column":8},"end":{"line":30,"column":9}},"type":"if","locations":[{"start":{"line":25,"column":8},"end":{"line":30,"column":9}},{"start":{},"end":{}}],"line":25}},"s":{"0":1,"1":3,"2":3,"3":1,"4":2,"5":2,"6":2,"7":1,"8":1,"9":1,"10":0,"11":1},"f":{"0":3},"b":{"0":[1,2],"1":[1,1]},"_coverageSchema":"1a1c01bbd47fc00a2c39e90264f33305004495a9","hash":"d3de298f71dff86391bb450d58125c0ed580e402"}
,"D:\\WebDreamForLove\\backend\\src\\middleware\\errorHandler.js": {"path":"D:\\WebDreamForLove\\backend\\src\\middleware\\errorHandler.js","statementMap":{"0":{"start":{"line":1,"column":15},"end":{"line":1,"column":42}},"1":{"start":{"line":6,"column":17},"end":{"line":6,"column":52}},"2":{"start":{"line":7,"column":4},"end":{"line":7,"column":26}},"3":{"start":{"line":10,"column":4},"end":{"line":19,"column":5}},"4":{"start":{"line":11,"column":8},"end":{"line":18,"column":11}},"5":{"start":{"line":22,"column":4},"end":{"line":28,"column":5}},"6":{"start":{"line":23,"column":8},"end":{"line":27,"column":11}},"7":{"start":{"line":31,"column":4},"end":{"line":33,"column":5}},"8":{"start":{"line":32,"column":8},"end":{"line":32,"column":109}},"9":{"start":{"line":36,"column":4},"end":{"line":38,"column":5}},"10":{"start":{"line":37,"column":8},"end":{"line":37,"column":120}},"11":{"start":{"line":41,"column":4},"end":{"line":43,"column":5}},"12":{"start":{"line":42,"column":8},"end":{"line":42,"column":126}},"13":{"start":{"line":46,"column":4},"end":{"line":48,"column":5}},"14":{"start":{"line":47,"column":8},"end":{"line":47,"column":122}},"15":{"start":{"line":51,"column":4},"end":{"line":53,"column":5}},"16":{"start":{"line":52,"column":8},"end":{"line":52,"column":121}},"17":{"start":{"line":56,"column":4},"end":{"line":58,"column":5}},"18":{"start":{"line":57,"column":8},"end":{"line":57,"column":106}},"19":{"start":{"line":61,"column":23},"end":{"line":61,"column":44}},"20":{"start":{"line":63,"column":8},"end":{"line":63,"column":85}},"21":{"start":{"line":65,"column":4},"end":{"line":65,"column":94}},"22":{"start":{"line":70,"column":16},"end":{"line":70,"column":34}},"23":{"start":{"line":71,"column":4},"end":{"line":71,"column":32}},"24":{"start":{"line":72,"column":4},"end":{"line":72,"column":15}},"25":{"start":{"line":75,"column":0},"end":{"line":75,"column":47}}},"fnMap":{"0":{"name":"errorHandler","decl":{"start":{"line":4,"column":9},"end":{"line":4,"column":21}},"loc":{"start":{"line":4,"column":43},"end":{"line":66,"column":1}},"line":4},"1":{"name":"createError","decl":{"start":{"line":69,"column":9},"end":{"line":69,"column":20}},"loc":{"start":{"line":69,"column":42},"end":{"line":73,"column":1}},"line":69}},"branchMap":{"0":{"loc":{"start":{"line":6,"column":17},"end":{"line":6,"column":52}},"type":"binary-expr","locations":[{"start":{"line":6,"column":17},"end":{"line":6,"column":31}},{"start":{"line":6,"column":35},"end":{"line":6,"column":45}},{"start":{"line":6,"column":49},"end":{"line":6,"column":52}}],"line":6},"1":{"loc":{"start":{"line":10,"column":4},"end":{"line":19,"column":5}},"type":"if","locations":[{"start":{"line":10,"column":4},"end":{"line":19,"column":5}},{"start":{},"end":{}}],"line":10},"2":{"loc":{"start":{"line":16,"column":18},"end":{"line":16,"column":52}},"type":"binary-expr","locations":[{"start":{"line":16,"column":18},"end":{"line":16,"column":31}},{"start":{"line":16,"column":35},"end":{"line":16,"column":52}}],"line":16},"3":{"loc":{"start":{"line":17,"column":23},"end":{"line":17,"column":44}},"type":"binary-expr","locations":[{"start":{"line":17,"column":23},"end":{"line":17,"column":36}},{"start":{"line":17,"column":40},"end":{"line":17,"column":44}}],"line":17},"4":{"loc":{"start":{"line":22,"column":4},"end":{"line":28,"column":5}},"type":"if","locations":[{"start":{"line":22,"column":4},"end":{"line":28,"column":5}},{"start":{},"end":{}}],"line":22},"5":{"loc":{"start":{"line":26,"column":24},"end":{"line":26,"column":45}},"type":"binary-expr","locations":[{"start":{"line":26,"column":24},"end":{"line":26,"column":37}},{"start":{"line":26,"column":41},"end":{"line":26,"column":45}}],"line":26},"6":{"loc":{"start":{"line":31,"column":4},"end":{"line":33,"column":5}},"type":"if","locations":[{"start":{"line":31,"column":4},"end":{"line":33,"column":5}},{"start":{},"end":{}}],"line":31},"7":{"loc":{"start":{"line":32,"column":84},"end":{"line":32,"column":105}},"type":"binary-expr","locations":[{"start":{"line":32,"column":84},"end":{"line":32,"column":97}},{"start":{"line":32,"column":101},"end":{"line":32,"column":105}}],"line":32},"8":{"loc":{"start":{"line":36,"column":4},"end":{"line":38,"column":5}},"type":"if","locations":[{"start":{"line":36,"column":4},"end":{"line":38,"column":5}},{"start":{},"end":{}}],"line":36},"9":{"loc":{"start":{"line":37,"column":95},"end":{"line":37,"column":116}},"type":"binary-expr","locations":[{"start":{"line":37,"column":95},"end":{"line":37,"column":108}},{"start":{"line":37,"column":112},"end":{"line":37,"column":116}}],"line":37},"10":{"loc":{"start":{"line":41,"column":4},"end":{"line":43,"column":5}},"type":"if","locations":[{"start":{"line":41,"column":4},"end":{"line":43,"column":5}},{"start":{},"end":{}}],"line":41},"11":{"loc":{"start":{"line":42,"column":101},"end":{"line":42,"column":122}},"type":"binary-expr","locations":[{"start":{"line":42,"column":101},"end":{"line":42,"column":114}},{"start":{"line":42,"column":118},"end":{"line":42,"column":122}}],"line":42},"12":{"loc":{"start":{"line":46,"column":4},"end":{"line":48,"column":5}},"type":"if","locations":[{"start":{"line":46,"column":4},"end":{"line":48,"column":5}},{"start":{},"end":{}}],"line":46},"13":{"loc":{"start":{"line":47,"column":97},"end":{"line":47,"column":118}},"type":"binary-expr","locations":[{"start":{"line":47,"column":97},"end":{"line":47,"column":110}},{"start":{"line":47,"column":114},"end":{"line":47,"column":118}}],"line":47},"14":{"loc":{"start":{"line":51,"column":4},"end":{"line":53,"column":5}},"type":"if","locations":[{"start":{"line":51,"column":4},"end":{"line":53,"column":5}},{"start":{},"end":{}}],"line":51},"15":{"loc":{"start":{"line":52,"column":96},"end":{"line":52,"column":117}},"type":"binary-expr","locations":[{"start":{"line":52,"column":96},"end":{"line":52,"column":109}},{"start":{"line":52,"column":113},"end":{"line":52,"column":117}}],"line":52},"16":{"loc":{"start":{"line":56,"column":4},"end":{"line":58,"column":5}},"type":"if","locations":[{"start":{"line":56,"column":4},"end":{"line":58,"column":5}},{"start":{},"end":{}}],"line":56},"17":{"loc":{"start":{"line":56,"column":8},"end":{"line":56,"column":46}},"type":"binary-expr","locations":[{"start":{"line":56,"column":8},"end":{"line":56,"column":22}},{"start":{"line":56,"column":26},"end":{"line":56,"column":46}}],"line":56},"18":{"loc":{"start":{"line":57,"column":81},"end":{"line":57,"column":102}},"type":"binary-expr","locations":[{"start":{"line":57,"column":81},"end":{"line":57,"column":94}},{"start":{"line":57,"column":98},"end":{"line":57,"column":102}}],"line":57},"19":{"loc":{"start":{"line":61,"column":23},"end":{"line":61,"column":44}},"type":"binary-expr","locations":[{"start":{"line":61,"column":23},"end":{"line":61,"column":37}},{"start":{"line":61,"column":41},"end":{"line":61,"column":44}}],"line":61},"20":{"loc":{"start":{"line":63,"column":8},"end":{"line":63,"column":85}},"type":"cond-expr","locations":[{"start":{"line":63,"column":48},"end":{"line":63,"column":71}},{"start":{"line":63,"column":74},"end":{"line":63,"column":85}}],"line":63},"21":{"loc":{"start":{"line":65,"column":69},"end":{"line":65,"column":90}},"type":"binary-expr","locations":[{"start":{"line":65,"column":69},"end":{"line":65,"column":82}},{"start":{"line":65,"column":86},"end":{"line":65,"column":90}}],"line":65}},"s":{"0":1,"1":5,"2":5,"3":5,"4":5,"5":5,"6":1,"7":4,"8":1,"9":3,"10":1,"11":2,"12":0,"13":2,"14":0,"15":2,"16":0,"17":2,"18":0,"19":2,"20":2,"21":2,"22":0,"23":0,"24":0,"25":1},"f":{"0":5,"1":0},"b":{"0":[5,5,5],"1":[5,0],"2":[5,0],"3":[5,5],"4":[1,4],"5":[1,1],"6":[1,3],"7":[1,1],"8":[1,2],"9":[1,1],"10":[0,2],"11":[0,0],"12":[0,2],"13":[0,0],"14":[0,2],"15":[0,0],"16":[0,2],"17":[2,2],"18":[0,0],"19":[2,0],"20":[1,1],"21":[2,2]},"_coverageSchema":"1a1c01bbd47fc00a2c39e90264f33305004495a9","hash":"e5d75c3c880779422820f7e3608f0a7f152574eb"}
,"D:\\WebDreamForLove\\backend\\src\\middleware\\rateLimiter.js": {"path":"D:\\WebDreamForLove\\backend\\src\\middleware\\rateLimiter.js","statementMap":{"0":{"start":{"line":1,"column":18},"end":{"line":1,"column":47}},"1":{"start":{"line":4,"column":19},"end":{"line":10,"column":2}},"2":{"start":{"line":13,"column":20},"end":{"line":19,"column":2}},"3":{"start":{"line":22,"column":20},"end":{"line":28,"column":2}},"4":{"start":{"line":31,"column":28},"end":{"line":39,"column":2}},"5":{"start":{"line":36,"column":27},"end":{"line":36,"column":51}},"6":{"start":{"line":38,"column":19},"end":{"line":38,"column":30}},"7":{"start":{"line":46,"column":25},"end":{"line":54,"column":2}},"8":{"start":{"line":51,"column":27},"end":{"line":51,"column":51}},"9":{"start":{"line":53,"column":19},"end":{"line":53,"column":30}},"10":{"start":{"line":56,"column":0},"end":{"line":62,"column":2}}},"fnMap":{"0":{"name":"(anonymous_0)","decl":{"start":{"line":36,"column":18},"end":{"line":36,"column":19}},"loc":{"start":{"line":36,"column":27},"end":{"line":36,"column":51}},"line":36},"1":{"name":"(anonymous_1)","decl":{"start":{"line":38,"column":10},"end":{"line":38,"column":11}},"loc":{"start":{"line":38,"column":19},"end":{"line":38,"column":30}},"line":38},"2":{"name":"(anonymous_2)","decl":{"start":{"line":51,"column":18},"end":{"line":51,"column":19}},"loc":{"start":{"line":51,"column":27},"end":{"line":51,"column":51}},"line":51},"3":{"name":"(anonymous_3)","decl":{"start":{"line":53,"column":10},"end":{"line":53,"column":11}},"loc":{"start":{"line":53,"column":19},"end":{"line":53,"column":30}},"line":53}},"branchMap":{"0":{"loc":{"start":{"line":36,"column":27},"end":{"line":36,"column":51}},"type":"binary-expr","locations":[{"start":{"line":36,"column":27},"end":{"line":36,"column":41}},{"start":{"line":36,"column":45},"end":{"line":36,"column":51}}],"line":36},"1":{"loc":{"start":{"line":51,"column":27},"end":{"line":51,"column":51}},"type":"binary-expr","locations":[{"start":{"line":51,"column":27},"end":{"line":51,"column":41}},{"start":{"line":51,"column":45},"end":{"line":51,"column":51}}],"line":51}},"s":{"0":1,"1":1,"2":1,"3":1,"4":1,"5":0,"6":0,"7":1,"8":0,"9":0,"10":1},"f":{"0":0,"1":0,"2":0,"3":0},"b":{"0":[0,0],"1":[0,0]},"_coverageSchema":"1a1c01bbd47fc00a2c39e90264f33305004495a9","hash":"a695b4361733702705f9a0ac2fdea5aaca11ed30"}
,"D:\\WebDreamForLove\\backend\\src\\middleware\\request-id.middleware.js": {"path":"D:\\WebDreamForLove\\backend\\src\\middleware\\request-id.middleware.js","statementMap":{"0":{"start":{"line":1,"column":23},"end":{"line":1,"column":40}},"1":{"start":{"line":4,"column":21},"end":{"line":4,"column":48}},"2":{"start":{"line":5,"column":22},"end":{"line":7,"column":22}},"3":{"start":{"line":9,"column":4},"end":{"line":9,"column":30}},"4":{"start":{"line":10,"column":4},"end":{"line":10,"column":45}},"5":{"start":{"line":11,"column":4},"end":{"line":11,"column":11}},"6":{"start":{"line":14,"column":0},"end":{"line":14,"column":37}}},"fnMap":{"0":{"name":"attachRequestId","decl":{"start":{"line":3,"column":9},"end":{"line":3,"column":24}},"loc":{"start":{"line":3,"column":41},"end":{"line":12,"column":1}},"line":3}},"branchMap":{"0":{"loc":{"start":{"line":5,"column":22},"end":{"line":7,"column":22}},"type":"cond-expr","locations":[{"start":{"line":6,"column":10},"end":{"line":6,"column":25}},{"start":{"line":7,"column":10},"end":{"line":7,"column":22}}],"line":5},"1":{"loc":{"start":{"line":5,"column":22},"end":{"line":5,"column":69}},"type":"binary-expr","locations":[{"start":{"line":5,"column":22},"end":{"line":5,"column":50}},{"start":{"line":5,"column":54},"end":{"line":5,"column":69}}],"line":5}},"s":{"0":1,"1":2,"2":2,"3":2,"4":2,"5":2,"6":1},"f":{"0":2},"b":{"0":[1,1],"1":[2,1]},"_coverageSchema":"1a1c01bbd47fc00a2c39e90264f33305004495a9","hash":"184fb231756321c845bb74e49286a940e558ba4b"}
,"D:\\WebDreamForLove\\backend\\src\\middleware\\validate.middleware.js": {"path":"D:\\WebDreamForLove\\backend\\src\\middleware\\validate.middleware.js","statementMap":{"0":{"start":{"line":1,"column":29},"end":{"line":1,"column":57}},"1":{"start":{"line":8,"column":19},"end":{"line":8,"column":40}},"2":{"start":{"line":9,"column":4},"end":{"line":14,"column":5}},"3":{"start":{"line":10,"column":8},"end":{"line":13,"column":11}},"4":{"start":{"line":15,"column":4},"end":{"line":15,"column":11}},"5":{"start":{"line":18,"column":0},"end":{"line":18,"column":37}}},"fnMap":{"0":{"name":"validateRequest","decl":{"start":{"line":7,"column":9},"end":{"line":7,"column":24}},"loc":{"start":{"line":7,"column":41},"end":{"line":16,"column":1}},"line":7}},"branchMap":{"0":{"loc":{"start":{"line":9,"column":4},"end":{"line":14,"column":5}},"type":"if","locations":[{"start":{"line":9,"column":4},"end":{"line":14,"column":5}},{"start":{},"end":{}}],"line":9}},"s":{"0":1,"1":0,"2":0,"3":0,"4":0,"5":1},"f":{"0":0},"b":{"0":[0,0]},"_coverageSchema":"1a1c01bbd47fc00a2c39e90264f33305004495a9","hash":"11b83c48d7710fadba0cac3aca8e514f3a085fb2"}
,"D:\\WebDreamForLove\\backend\\tests\\setup.js": {"path":"D:\\WebDreamForLove\\backend\\tests\\setup.js","statementMap":{"0":{"start":{"line":7,"column":18},"end":{"line":7,"column":27}},"1":{"start":{"line":8,"column":24},"end":{"line":8,"column":33}},"2":{"start":{"line":10,"column":0},"end":{"line":15,"column":4}},"3":{"start":{"line":10,"column":43},"end":{"line":15,"column":1}},"4":{"start":{"line":11,"column":24},"end":{"line":11,"column":42}},"5":{"start":{"line":12,"column":25},"end":{"line":12,"column":44}},"6":{"start":{"line":18,"column":0},"end":{"line":22,"column":4}},"7":{"start":{"line":18,"column":43},"end":{"line":22,"column":1}},"8":{"start":{"line":25,"column":0},"end":{"line":30,"column":4}},"9":{"start":{"line":25,"column":41},"end":{"line":30,"column":1}},"10":{"start":{"line":33,"column":0},"end":{"line":44,"column":4}},"11":{"start":{"line":33,"column":49},"end":{"line":44,"column":1}},"12":{"start":{"line":34,"column":26},"end":{"line":41,"column":5}},"13":{"start":{"line":35,"column":27},"end":{"line":40,"column":9}},"14":{"start":{"line":36,"column":35},"end":{"line":38,"column":13}},"15":{"start":{"line":48,"column":4},"end":{"line":57,"column":6}},"16":{"start":{"line":61,"column":16},"end":{"line":61,"column":18}},"17":{"start":{"line":62,"column":4},"end":{"line":62,"column":48}},"18":{"start":{"line":63,"column":4},"end":{"line":63,"column":46}},"19":{"start":{"line":64,"column":4},"end":{"line":64,"column":15}},"20":{"start":{"line":68,"column":4},"end":{"line":68,"column":21}},"21":{"start":{"line":71,"column":0},"end":{"line":71,"column":76}}},"fnMap":{"0":{"name":"(anonymous_0)","decl":{"start":{"line":10,"column":36},"end":{"line":10,"column":37}},"loc":{"start":{"line":10,"column":43},"end":{"line":15,"column":1}},"line":10},"1":{"name":"(anonymous_1)","decl":{"start":{"line":11,"column":11},"end":{"line":11,"column":12}},"loc":{"start":{"line":11,"column":24},"end":{"line":11,"column":42}},"line":11},"2":{"name":"(anonymous_2)","decl":{"start":{"line":12,"column":17},"end":{"line":12,"column":18}},"loc":{"start":{"line":12,"column":25},"end":{"line":12,"column":44}},"line":12},"3":{"name":"(anonymous_3)","decl":{"start":{"line":18,"column":36},"end":{"line":18,"column":37}},"loc":{"start":{"line":18,"column":43},"end":{"line":22,"column":1}},"line":18},"4":{"name":"(anonymous_4)","decl":{"start":{"line":25,"column":34},"end":{"line":25,"column":35}},"loc":{"start":{"line":25,"column":41},"end":{"line":30,"column":1}},"line":25},"5":{"name":"(anonymous_5)","decl":{"start":{"line":33,"column":42},"end":{"line":33,"column":43}},"loc":{"start":{"line":33,"column":49},"end":{"line":44,"column":1}},"line":33},"6":{"name":"(anonymous_6)","decl":{"start":{"line":34,"column":19},"end":{"line":34,"column":20}},"loc":{"start":{"line":34,"column":26},"end":{"line":41,"column":5}},"line":34},"7":{"name":"(anonymous_7)","decl":{"start":{"line":35,"column":20},"end":{"line":35,"column":21}},"loc":{"start":{"line":35,"column":27},"end":{"line":40,"column":9}},"line":35},"8":{"name":"(anonymous_8)","decl":{"start":{"line":36,"column":28},"end":{"line":36,"column":29}},"loc":{"start":{"line":36,"column":35},"end":{"line":38,"column":13}},"line":36},"9":{"name":"mockReq","decl":{"start":{"line":47,"column":9},"end":{"line":47,"column":16}},"loc":{"start":{"line":47,"column":33},"end":{"line":58,"column":1}},"line":47},"10":{"name":"mockRes","decl":{"start":{"line":60,"column":9},"end":{"line":60,"column":16}},"loc":{"start":{"line":60,"column":19},"end":{"line":65,"column":1}},"line":60},"11":{"name":"mockNext","decl":{"start":{"line":67,"column":9},"end":{"line":67,"column":17}},"loc":{"start":{"line":67,"column":20},"end":{"line":69,"column":1}},"line":67}},"branchMap":{"0":{"loc":{"start":{"line":47,"column":17},"end":{"line":47,"column":31}},"type":"default-arg","locations":[{"start":{"line":47,"column":29},"end":{"line":47,"column":31}}],"line":47}},"s":{"0":6,"1":6,"2":6,"3":6,"4":60,"5":0,"6":6,"7":3,"8":6,"9":1,"10":6,"11":4,"12":8,"13":8,"14":7,"15":46,"16":46,"17":46,"18":46,"19":46,"20":48,"21":6},"f":{"0":6,"1":60,"2":0,"3":3,"4":1,"5":4,"6":8,"7":8,"8":7,"9":46,"10":46,"11":48},"b":{"0":[20]},"_coverageSchema":"1a1c01bbd47fc00a2c39e90264f33305004495a9","hash":"40e7892114436755a373bb982f6a5717e46a9f89"}
}
