TN:
SF:src\controllers\auth.controller.js
FN:7,login
FN:50,getMe
FN:68,updateFcmToken
FN:85,deleteAccount
FNF:4
FNH:3
FNDA:3,login
FNDA:2,getMe
FNDA:1,updateFcmToken
FNDA:0,deleteAccount
DA:1,1
DA:2,1
DA:3,1
DA:8,3
DA:10,3
DA:11,3
DA:12,3
DA:15,3
DA:16,3
DA:17,3
DA:18,3
DA:19,3
DA:22,3
DA:43,2
DA:45,1
DA:51,2
DA:52,2
DA:57,2
DA:58,1
DA:61,1
DA:63,0
DA:69,1
DA:70,1
DA:71,1
DA:73,1
DA:78,1
DA:80,0
DA:86,0
DA:87,0
DA:88,0
DA:91,0
DA:92,0
DA:95,0
DA:96,0
DA:100,0
DA:101,0
DA:103,0
DA:108,1
LF:38
LH:26
BRDA:11,0,0,3
BRDA:11,0,1,0
BRDA:12,1,0,3
BRDA:12,1,1,2
BRDA:15,2,0,3
BRDA:15,2,1,0
BRDA:18,3,0,2
BRDA:18,3,1,1
BRDA:19,4,0,1
BRDA:19,4,1,2
BRDA:57,5,0,1
BRDA:57,5,1,1
BRDA:70,6,0,1
BRDA:70,6,1,0
BRDA:71,7,0,1
BRDA:71,7,1,0
BRF:16
BRH:12
end_of_record
TN:
SF:src\controllers\couple.controller.js
FN:12,generateCode6
FN:28,getMyRoom
FN:96,generateCode
FN:156,joinWithCode
FN:168,(anonymous_4)
FN:308,disconnect
FN:340,sendHeartbeat
FN:410,updateMemoryPhoto
FN:452,getMilestones
FN:465,createMilestone
FN:482,updateMilestone
FN:507,deleteMilestone
FNF:12
FNH:4
FNDA:1,generateCode6
FNDA:3,getMyRoom
FNDA:3,generateCode
FNDA:0,joinWithCode
FNDA:0,(anonymous_4)
FNDA:2,disconnect
FNDA:0,sendHeartbeat
FNDA:0,updateMemoryPhoto
FNDA:0,getMilestones
FNDA:0,createMilestone
FNDA:0,updateMilestone
FNDA:0,deleteMilestone
DA:1,1
DA:2,1
DA:3,1
DA:4,1
DA:5,1
DA:6,1
DA:8,1
DA:9,1
DA:13,1
DA:17,1
DA:29,3
DA:30,3
DA:34,3
DA:35,1
DA:38,2
DA:39,2
DA:40,2
DA:43,2
DA:53,2
DA:54,1
DA:57,1
DA:60,1
DA:63,1
DA:64,1
DA:65,1
DA:66,1
DA:70,1
DA:71,1
DA:72,1
DA:76,1
DA:91,0
DA:97,3
DA:98,3
DA:102,3
DA:103,3
DA:105,2
DA:113,2
DA:114,1
DA:120,1
DA:127,1
DA:128,1
DA:130,1
DA:131,1
DA:132,1
DA:139,1
DA:140,1
DA:142,1
DA:145,1
DA:146,0
DA:149,1
DA:151,0
DA:157,0
DA:158,0
DA:161,0
DA:165,0
DA:166,0
DA:168,0
DA:170,0
DA:176,0
DA:177,0
DA:178,0
DA:179,0
DA:182,0
DA:183,0
DA:185,0
DA:193,0
DA:194,0
DA:195,0
DA:196,0
DA:200,0
DA:201,0
DA:203,0
DA:211,0
DA:217,0
DA:219,0
DA:220,0
DA:221,0
DA:225,0
DA:233,0
DA:234,0
DA:235,0
DA:236,0
DA:240,0
DA:246,0
DA:247,0
DA:253,0
DA:256,0
DA:257,0
DA:265,0
DA:269,0
DA:272,0
DA:276,0
DA:279,0
DA:280,0
DA:281,0
DA:290,0
DA:303,0
DA:309,2
DA:310,2
DA:311,2
DA:312,2
DA:314,2
DA:324,1
DA:325,1
DA:326,1
DA:333,1
DA:335,1
DA:341,0
DA:342,0
DA:343,0
DA:345,0
DA:357,0
DA:358,0
DA:359,0
DA:366,0
DA:369,0
DA:370,0
DA:371,0
DA:378,0
DA:379,0
DA:381,0
DA:382,0
DA:383,0
DA:389,0
DA:391,0
DA:392,0
DA:396,0
DA:405,0
DA:411,0
DA:412,0
DA:413,0
DA:414,0
DA:415,0
DA:419,0
DA:428,0
DA:429,0
DA:430,0
DA:431,0
DA:439,0
DA:447,0
DA:453,0
DA:454,0
DA:455,0
DA:459,0
DA:461,0
DA:466,0
DA:467,0
DA:468,0
DA:470,0
DA:476,0
DA:478,0
DA:483,0
DA:484,0
DA:485,0
DA:486,0
DA:488,0
DA:498,0
DA:499,0
DA:501,0
DA:503,0
DA:508,0
DA:509,0
DA:510,0
DA:511,0
DA:512,0
DA:514,0
DA:518,1
LF:167
LH:59
BRDA:34,0,0,1
BRDA:34,0,1,2
BRDA:53,1,0,1
BRDA:53,1,1,1
BRDA:60,2,0,1
BRDA:60,2,1,0
BRDA:65,3,0,1
BRDA:65,3,1,0
BRDA:70,4,0,1
BRDA:70,4,1,0
BRDA:71,5,0,1
BRDA:71,5,1,0
BRDA:79,6,0,1
BRDA:79,6,1,0
BRDA:85,7,0,1
BRDA:85,7,1,1
BRDA:87,8,0,1
BRDA:87,8,1,1
BRDA:103,9,0,1
BRDA:103,9,1,2
BRDA:113,10,0,1
BRDA:113,10,1,1
BRDA:130,11,0,2
BRDA:130,11,1,1
BRDA:139,12,0,1
BRDA:139,12,1,0
BRDA:145,13,0,0
BRDA:145,13,1,1
BRDA:166,14,0,0
BRDA:166,14,1,0
BRDA:176,15,0,0
BRDA:176,15,1,0
BRDA:193,16,0,0
BRDA:193,16,1,0
BRDA:200,17,0,0
BRDA:200,17,1,0
BRDA:201,18,0,0
BRDA:201,18,1,0
BRDA:233,19,0,0
BRDA:233,19,1,0
BRDA:280,20,0,0
BRDA:280,20,1,0
BRDA:284,21,0,0
BRDA:284,21,1,0
BRDA:292,22,0,0
BRDA:292,22,1,0
BRDA:294,23,0,0
BRDA:294,23,1,0
BRDA:312,24,0,2
BRDA:312,24,1,2
BRDA:325,25,0,1
BRDA:325,25,1,0
BRDA:358,26,0,0
BRDA:358,26,1,0
BRDA:370,27,0,0
BRDA:370,27,1,0
BRDA:379,28,0,0
BRDA:379,28,1,0
BRDA:381,29,0,0
BRDA:381,29,1,0
BRDA:389,30,0,0
BRDA:389,30,1,0
BRDA:415,31,0,0
BRDA:415,31,1,0
BRDA:415,32,0,0
BRDA:415,32,1,0
BRDA:430,33,0,0
BRDA:430,33,1,0
BRDA:435,34,0,0
BRDA:435,34,1,0
BRDA:443,35,0,0
BRDA:443,35,1,0
BRDA:444,36,0,0
BRDA:444,36,1,0
BRDA:474,37,0,0
BRDA:474,37,1,0
BRDA:498,38,0,0
BRDA:498,38,1,0
BRF:78
BRH:24
end_of_record
TN:
SF:src\controllers\food.controller.js
FN:9,list
FN:48,create
FN:76,remove
FN:112,spin
FN:171,update
FN:207,markEaten
FNF:6
FNH:4
FNDA:2,list
FNDA:1,create
FNDA:2,remove
FNDA:3,spin
FNDA:0,update
FNDA:0,markEaten
DA:1,1
DA:2,1
DA:3,1
DA:4,1
DA:10,2
DA:11,2
DA:12,2
DA:13,2
DA:14,2
DA:16,2
DA:20,2
DA:22,2
DA:32,2
DA:43,0
DA:49,1
DA:50,1
DA:51,1
DA:52,1
DA:54,1
DA:61,1
DA:62,1
DA:63,1
DA:69,1
DA:71,0
DA:77,2
DA:78,2
DA:79,2
DA:80,2
DA:82,2
DA:90,2
DA:91,1
DA:94,1
DA:95,1
DA:96,1
DA:97,1
DA:98,1
DA:105,1
DA:107,0
DA:113,3
DA:114,3
DA:116,3
DA:125,3
DA:126,3
DA:127,1
DA:130,2
DA:132,2
DA:144,2
DA:145,1
DA:157,1
DA:158,0
DA:161,1
DA:164,1
DA:166,0
DA:172,0
DA:173,0
DA:174,0
DA:175,0
DA:176,0
DA:178,0
DA:188,0
DA:189,0
DA:192,0
DA:193,0
DA:194,0
DA:200,0
DA:202,0
DA:208,0
DA:209,0
DA:210,0
DA:211,0
DA:213,0
DA:221,0
DA:222,0
DA:225,0
DA:226,0
DA:227,0
DA:233,0
DA:235,0
DA:239,1
LF:79
LH:49
BRDA:12,0,0,2
BRDA:12,0,1,1
BRDA:13,1,0,2
BRDA:13,1,1,1
BRDA:58,2,0,1
BRDA:58,2,1,0
BRDA:58,3,0,1
BRDA:58,3,1,0
BRDA:62,4,0,1
BRDA:62,4,1,0
BRDA:90,5,0,1
BRDA:90,5,1,1
BRDA:95,6,0,1
BRDA:95,6,1,0
BRDA:97,7,0,1
BRDA:97,7,1,0
BRDA:125,8,0,3
BRDA:125,8,1,1
BRDA:126,9,0,1
BRDA:126,9,1,2
BRDA:144,10,0,1
BRDA:144,10,1,1
BRDA:157,11,0,0
BRDA:157,11,1,1
BRDA:188,12,0,0
BRDA:188,12,1,0
BRDA:193,13,0,0
BRDA:193,13,1,0
BRDA:221,14,0,0
BRDA:221,14,1,0
BRDA:226,15,0,0
BRDA:226,15,1,0
BRF:32
BRH:18
end_of_record
TN:
SF:src\controllers\mood.controller.js
FN:7,getCurrent
FN:22,(anonymous_1)
FN:23,(anonymous_2)
FN:32,getHistory
FN:68,create
FNF:5
FNH:5
FNDA:2,getCurrent
FNDA:1,(anonymous_1)
FNDA:2,(anonymous_2)
FNDA:2,getHistory
FNDA:2,create
DA:1,1
DA:2,1
DA:3,1
DA:4,1
DA:8,2
DA:9,2
DA:10,2
DA:12,2
DA:22,2
DA:23,2
DA:25,2
DA:27,0
DA:33,2
DA:34,2
DA:35,2
DA:36,2
DA:37,2
DA:39,2
DA:43,2
DA:45,2
DA:55,2
DA:63,0
DA:69,2
DA:70,2
DA:71,2
DA:72,2
DA:74,2
DA:81,1
DA:84,1
DA:85,1
DA:86,1
DA:93,1
DA:102,1
DA:103,1
DA:104,1
DA:105,1
DA:106,1
DA:114,1
DA:116,1
DA:120,1
LF:40
LH:38
BRDA:22,0,0,2
BRDA:22,0,1,1
BRDA:23,1,0,2
BRDA:23,1,1,1
BRDA:35,2,0,2
BRDA:35,2,1,1
BRDA:36,3,0,2
BRDA:36,3,1,0
BRDA:78,4,0,2
BRDA:78,4,1,1
BRDA:85,5,0,1
BRDA:85,5,1,0
BRDA:103,6,0,1
BRDA:103,6,1,0
BRDA:104,7,0,1
BRDA:104,7,1,0
BRDA:108,8,0,1
BRDA:108,8,1,0
BRDA:109,9,0,0
BRDA:109,9,1,1
BRDA:109,10,0,0
BRDA:109,10,1,1
BRDA:109,11,0,0
BRDA:109,11,1,1
BRDA:109,12,0,0
BRDA:109,12,1,1
BRF:26
BRH:17
end_of_record
TN:
SF:src\controllers\wishlist.controller.js
FN:8,list
FN:52,create
FN:91,markBought
FN:127,remove
FN:176,update
FNF:5
FNH:4
FNDA:3,list
FNDA:1,create
FNDA:3,markBought
FNDA:3,remove
FNDA:0,update
DA:1,1
DA:2,1
DA:3,1
DA:9,3
DA:10,3
DA:11,3
DA:12,3
DA:13,3
DA:16,3
DA:20,3
DA:22,3
DA:36,3
DA:47,0
DA:53,1
DA:54,1
DA:55,1
DA:56,1
DA:58,1
DA:76,1
DA:77,1
DA:78,1
DA:84,1
DA:86,0
DA:92,3
DA:93,3
DA:94,3
DA:95,3
DA:96,3
DA:98,3
DA:108,3
DA:109,1
DA:112,2
DA:113,2
DA:114,2
DA:120,2
DA:122,0
DA:128,3
DA:129,3
DA:130,3
DA:131,3
DA:133,3
DA:141,3
DA:142,2
DA:149,2
DA:150,1
DA:155,1
DA:158,1
DA:159,1
DA:160,1
DA:161,1
DA:162,1
DA:169,1
DA:171,0
DA:177,0
DA:178,0
DA:179,0
DA:180,0
DA:181,0
DA:183,0
DA:197,0
DA:198,0
DA:201,0
DA:202,0
DA:203,0
DA:209,0
DA:211,0
DA:215,1
LF:67
LH:50
BRDA:11,0,0,3
BRDA:11,0,1,1
BRDA:12,1,0,3
BRDA:12,1,1,1
BRDA:68,2,0,1
BRDA:68,2,1,0
BRDA:69,3,0,1
BRDA:69,3,1,0
BRDA:70,4,0,1
BRDA:70,4,1,0
BRDA:71,5,0,1
BRDA:71,5,1,1
BRDA:72,6,0,1
BRDA:72,6,1,1
BRDA:77,7,0,1
BRDA:77,7,1,0
BRDA:96,8,0,1
BRDA:96,8,1,2
BRDA:108,9,0,1
BRDA:108,9,1,2
BRDA:113,10,0,2
BRDA:113,10,1,0
BRDA:141,11,0,2
BRDA:141,11,1,1
BRDA:149,12,0,1
BRDA:149,12,1,1
BRDA:159,13,0,1
BRDA:159,13,1,0
BRDA:161,14,0,1
BRDA:161,14,1,0
BRDA:197,15,0,0
BRDA:197,15,1,0
BRDA:202,16,0,0
BRDA:202,16,1,0
BRF:34
BRH:23
end_of_record
TN:
SF:src\middleware\couple.middleware.js
FN:8,requireCouple
FNF:1
FNH:1
FNDA:3,requireCouple
DA:1,1
DA:9,3
DA:10,3
DA:11,1
DA:14,2
DA:16,2
DA:25,2
DA:26,1
DA:32,1
DA:33,1
DA:35,0
DA:39,1
LF:12
LH:11
BRDA:10,0,0,1
BRDA:10,0,1,2
BRDA:25,1,0,1
BRDA:25,1,1,1
BRF:4
BRH:4
end_of_record
TN:
SF:src\middleware\errorHandler.js
FN:4,errorHandler
FN:69,createError
FNF:2
FNH:1
FNDA:5,errorHandler
FNDA:0,createError
DA:1,1
DA:6,5
DA:7,5
DA:10,5
DA:11,5
DA:22,5
DA:23,1
DA:31,4
DA:32,1
DA:36,3
DA:37,1
DA:41,2
DA:42,0
DA:46,2
DA:47,0
DA:51,2
DA:52,0
DA:56,2
DA:57,0
DA:61,2
DA:63,2
DA:65,2
DA:70,0
DA:71,0
DA:72,0
DA:75,1
LF:26
LH:19
BRDA:6,0,0,5
BRDA:6,0,1,5
BRDA:6,0,2,5
BRDA:10,1,0,5
BRDA:10,1,1,0
BRDA:16,2,0,5
BRDA:16,2,1,0
BRDA:17,3,0,5
BRDA:17,3,1,5
BRDA:22,4,0,1
BRDA:22,4,1,4
BRDA:26,5,0,1
BRDA:26,5,1,1
BRDA:31,6,0,1
BRDA:31,6,1,3
BRDA:32,7,0,1
BRDA:32,7,1,1
BRDA:36,8,0,1
BRDA:36,8,1,2
BRDA:37,9,0,1
BRDA:37,9,1,1
BRDA:41,10,0,0
BRDA:41,10,1,2
BRDA:42,11,0,0
BRDA:42,11,1,0
BRDA:46,12,0,0
BRDA:46,12,1,2
BRDA:47,13,0,0
BRDA:47,13,1,0
BRDA:51,14,0,0
BRDA:51,14,1,2
BRDA:52,15,0,0
BRDA:52,15,1,0
BRDA:56,16,0,0
BRDA:56,16,1,2
BRDA:56,17,0,2
BRDA:56,17,1,2
BRDA:57,18,0,0
BRDA:57,18,1,0
BRDA:61,19,0,2
BRDA:61,19,1,0
BRDA:63,20,0,1
BRDA:63,20,1,1
BRDA:65,21,0,2
BRDA:65,21,1,2
BRF:45
BRH:30
end_of_record
TN:
SF:src\middleware\rateLimiter.js
FN:36,(anonymous_0)
FN:38,(anonymous_1)
FN:51,(anonymous_2)
FN:53,(anonymous_3)
FNF:4
FNH:0
FNDA:0,(anonymous_0)
FNDA:0,(anonymous_1)
FNDA:0,(anonymous_2)
FNDA:0,(anonymous_3)
DA:1,1
DA:4,1
DA:13,1
DA:22,1
DA:31,1
DA:36,0
DA:38,0
DA:46,1
DA:51,0
DA:53,0
DA:56,1
LF:11
LH:7
BRDA:36,0,0,0
BRDA:36,0,1,0
BRDA:51,1,0,0
BRDA:51,1,1,0
BRF:4
BRH:0
end_of_record
TN:
SF:src\middleware\request-id.middleware.js
FN:3,attachRequestId
FNF:1
FNH:1
FNDA:2,attachRequestId
DA:1,1
DA:4,2
DA:5,2
DA:9,2
DA:10,2
DA:11,2
DA:14,1
LF:7
LH:7
BRDA:5,0,0,1
BRDA:5,0,1,1
BRDA:5,1,0,2
BRDA:5,1,1,1
BRF:4
BRH:4
end_of_record
TN:
SF:src\middleware\validate.middleware.js
FN:7,validateRequest
FNF:1
FNH:0
FNDA:0,validateRequest
DA:1,1
DA:8,0
DA:9,0
DA:10,0
DA:15,0
DA:18,1
LF:6
LH:2
BRDA:9,0,0,0
BRDA:9,0,1,0
BRF:2
BRH:0
end_of_record
TN:
SF:tests\setup.js
FN:10,(anonymous_0)
FN:11,(anonymous_1)
FN:12,(anonymous_2)
FN:18,(anonymous_3)
FN:25,(anonymous_4)
FN:33,(anonymous_5)
FN:34,(anonymous_6)
FN:35,(anonymous_7)
FN:36,(anonymous_8)
FN:47,mockReq
FN:60,mockRes
FN:67,mockNext
FNF:12
FNH:11
FNDA:6,(anonymous_0)
FNDA:60,(anonymous_1)
FNDA:0,(anonymous_2)
FNDA:3,(anonymous_3)
FNDA:1,(anonymous_4)
FNDA:4,(anonymous_5)
FNDA:8,(anonymous_6)
FNDA:8,(anonymous_7)
FNDA:7,(anonymous_8)
FNDA:46,mockReq
FNDA:46,mockRes
FNDA:48,mockNext
DA:7,6
DA:8,6
DA:10,6
DA:11,60
DA:12,0
DA:18,6
DA:25,6
DA:33,6
DA:34,8
DA:35,8
DA:36,7
DA:48,46
DA:61,46
DA:62,46
DA:63,46
DA:64,46
DA:68,48
DA:71,6
LF:18
LH:17
BRDA:47,0,0,20
BRF:1
BRH:1
end_of_record
